<?xml version="1.0" encoding="UTF-8"?>
<coverage generated="1777440461120" clover="3.2.0">
  <project timestamp="1777440461120" name="All files">
    <metrics statements="572" coveredstatements="493" conditionals="344" coveredconditionals="273" methods="173" coveredmethods="148" elements="1089" coveredelements="914" complexity="0" loc="572" ncloc="572" packages="5" files="10" classes="10"/>
    <package name="src">
      <metrics statements="4" coveredstatements="4" conditionals="10" coveredconditionals="10" methods="3" coveredmethods="3"/>
      <file name="App.tsx" path="/Users/pdelebarre/dev/guitar-tutoma-ai/frontend/src/App.tsx">
        <metrics statements="4" coveredstatements="4" conditionals="10" coveredconditionals="10" methods="3" coveredmethods="3"/>
        <line num="9" count="11" type="stmt"/>
        <line num="11" count="11" type="stmt"/>
        <line num="20" count="10" type="cond" truecount="2" falsecount="0"/>
        <line num="23" count="10" type="cond" truecount="2" falsecount="0"/>
      </file>
    </package>
    <package name="src.components">
      <metrics statements="171" coveredstatements="165" conditionals="108" coveredconditionals="91" methods="46" coveredmethods="45"/>
      <file name="CommentPanel.tsx" path="/Users/pdelebarre/dev/guitar-tutoma-ai/frontend/src/components/CommentPanel.tsx">
        <metrics statements="107" coveredstatements="104" conditionals="58" coveredconditionals="48" methods="29" coveredmethods="29"/>
        <line num="12" count="2" type="stmt"/>
        <line num="19" count="122" type="stmt"/>
        <line num="20" count="122" type="stmt"/>
        <line num="30" count="122" type="stmt"/>
        <line num="31" count="122" type="cond" truecount="1" falsecount="1"/>
        <line num="32" count="122" type="stmt"/>
        <line num="34" count="0" type="cond" truecount="0" falsecount="2"/>
        <line num="38" count="122" type="stmt"/>
        <line num="48" count="122" type="stmt"/>
        <line num="60" count="5" type="stmt"/>
        <line num="80" count="1408" type="stmt"/>
        <line num="81" count="663" type="stmt"/>
        <line num="82" count="663" type="cond" truecount="2" falsecount="0"/>
        <line num="83" count="634" type="stmt"/>
        <line num="84" count="634" type="stmt"/>
        <line num="91" count="705" type="stmt"/>
        <line num="92" count="705" type="stmt"/>
        <line num="93" count="705" type="stmt"/>
        <line num="94" count="705" type="stmt"/>
        <line num="95" count="705" type="stmt"/>
        <line num="96" count="705" type="stmt"/>
        <line num="97" count="705" type="stmt"/>
        <line num="98" count="705" type="stmt"/>
        <line num="99" count="705" type="stmt"/>
        <line num="100" count="705" type="stmt"/>
        <line num="101" count="705" type="stmt"/>
        <line num="103" count="705" type="stmt"/>
        <line num="104" count="705" type="stmt"/>
        <line num="106" count="705" type="stmt"/>
        <line num="107" count="27" type="stmt"/>
        <line num="108" count="27" type="stmt"/>
        <line num="109" count="27" type="stmt"/>
        <line num="110" count="25" type="stmt"/>
        <line num="112" count="1" type="stmt"/>
        <line num="114" count="26" type="stmt"/>
        <line num="118" count="705" type="stmt"/>
        <line num="119" count="27" type="stmt"/>
        <line num="122" count="705" type="stmt"/>
        <line num="123" count="5" type="stmt"/>
        <line num="124" count="5" type="cond" truecount="1" falsecount="1"/>
        <line num="125" count="0" type="stmt"/>
        <line num="126" count="0" type="stmt"/>
        <line num="129" count="5" type="stmt"/>
        <line num="130" count="5" type="stmt"/>
        <line num="131" count="5" type="stmt"/>
        <line num="132" count="5" type="stmt"/>
        <line num="133" count="3" type="stmt"/>
        <line num="134" count="3" type="stmt"/>
        <line num="136" count="2" type="cond" truecount="2" falsecount="0"/>
        <line num="137" count="1" type="stmt"/>
        <line num="138" count="1" type="cond" truecount="1" falsecount="1"/>
        <line num="140" count="1" type="stmt"/>
        <line num="143" count="5" type="stmt"/>
        <line num="147" count="705" type="stmt"/>
        <line num="148" count="1" type="stmt"/>
        <line num="149" count="1" type="stmt"/>
        <line num="152" count="705" type="stmt"/>
        <line num="153" count="662" type="cond" truecount="4" falsecount="0"/>
        <line num="154" count="1" type="stmt"/>
        <line num="155" count="1" type="stmt"/>
        <line num="159" count="705" type="stmt"/>
        <line num="160" count="5" type="stmt"/>
        <line num="161" count="5" type="stmt"/>
        <line num="162" count="5" type="stmt"/>
        <line num="165" count="705" type="stmt"/>
        <line num="166" count="1" type="stmt"/>
        <line num="167" count="1" type="stmt"/>
        <line num="168" count="1" type="stmt"/>
        <line num="171" count="705" type="stmt"/>
        <line num="172" count="4" type="stmt"/>
        <line num="173" count="4" type="cond" truecount="2" falsecount="0"/>
        <line num="174" count="1" type="stmt"/>
        <line num="175" count="1" type="stmt"/>
        <line num="178" count="3" type="stmt"/>
        <line num="179" count="3" type="stmt"/>
        <line num="180" count="3" type="stmt"/>
        <line num="181" count="1" type="stmt"/>
        <line num="182" count="2" type="cond" truecount="2" falsecount="0"/>
        <line num="184" count="1" type="stmt"/>
        <line num="185" count="1" type="stmt"/>
        <line num="187" count="2" type="cond" truecount="2" falsecount="0"/>
        <line num="188" count="1" type="stmt"/>
        <line num="189" count="1" type="cond" truecount="1" falsecount="1"/>
        <line num="191" count="1" type="stmt"/>
        <line num="196" count="705" type="stmt"/>
        <line num="197" count="5" type="stmt"/>
        <line num="200" count="705" type="stmt"/>
        <line num="201" count="2" type="cond" truecount="1" falsecount="1"/>
        <line num="202" count="2" type="stmt"/>
        <line num="203" count="2" type="stmt"/>
        <line num="205" count="2" type="stmt"/>
        <line num="206" count="2" type="stmt"/>
        <line num="207" count="2" type="stmt"/>
        <line num="209" count="1" type="stmt"/>
        <line num="213" count="705" type="stmt"/>
        <line num="214" count="1" type="stmt"/>
        <line num="217" count="705" type="stmt"/>
        <line num="229" count="661" type="cond" truecount="2" falsecount="0"/>
        <line num="230" count="561" type="stmt"/>
        <line num="232" count="661" type="cond" truecount="1" falsecount="1"/>
        <line num="281" count="171" type="stmt"/>
        <line num="289" count="38" type="cond" truecount="1" falsecount="1"/>
        <line num="290" count="38" type="stmt"/>
        <line num="292" count="38" type="cond" truecount="1" falsecount="1"/>
        <line num="310" count="4" type="stmt"/>
        <line num="345" count="5" type="stmt"/>
        <line num="357" count="5" type="stmt"/>
      </file>
      <file name="FilterBar.tsx" path="/Users/pdelebarre/dev/guitar-tutoma-ai/frontend/src/components/FilterBar.tsx">
        <metrics statements="5" coveredstatements="5" conditionals="10" coveredconditionals="9" methods="4" coveredmethods="4"/>
        <line num="15" count="4" type="stmt"/>
        <line num="25" count="118" type="stmt"/>
        <line num="48" count="4" type="stmt"/>
        <line num="55" count="472" type="stmt"/>
        <line num="58" count="1" type="stmt"/>
      </file>
      <file name="PreferencePanel.tsx" path="/Users/pdelebarre/dev/guitar-tutoma-ai/frontend/src/components/PreferencePanel.tsx">
        <metrics statements="58" coveredstatements="55" conditionals="38" coveredconditionals="32" methods="12" coveredmethods="11"/>
        <line num="6" count="2" type="stmt"/>
        <line num="13" count="42" type="stmt"/>
        <line num="14" count="42" type="stmt"/>
        <line num="15" count="42" type="stmt"/>
        <line num="16" count="42" type="stmt"/>
        <line num="17" count="42" type="stmt"/>
        <line num="18" count="42" type="stmt"/>
        <line num="19" count="42" type="stmt"/>
        <line num="20" count="42" type="stmt"/>
        <line num="22" count="42" type="stmt"/>
        <line num="23" count="14" type="stmt"/>
        <line num="26" count="14" type="stmt"/>
        <line num="27" count="14" type="stmt"/>
        <line num="28" count="14" type="stmt"/>
        <line num="29" count="14" type="stmt"/>
        <line num="30" count="12" type="cond" truecount="1" falsecount="1"/>
        <line num="31" count="12" type="cond" truecount="1" falsecount="1"/>
        <line num="32" count="12" type="stmt"/>
        <line num="35" count="1" type="cond" truecount="1" falsecount="1"/>
        <line num="37" count="1" type="stmt"/>
        <line num="38" count="1" type="stmt"/>
        <line num="41" count="13" type="cond" truecount="1" falsecount="1"/>
        <line num="42" count="13" type="stmt"/>
        <line num="47" count="14" type="stmt"/>
        <line num="49" count="14" type="stmt"/>
        <line num="50" count="14" type="stmt"/>
        <line num="54" count="42" type="stmt"/>
        <line num="56" count="5" type="stmt"/>
        <line num="57" count="5" type="stmt"/>
        <line num="58" count="5" type="stmt"/>
        <line num="60" count="5" type="cond" truecount="1" falsecount="1"/>
        <line num="61" count="0" type="stmt"/>
        <line num="63" count="5" type="cond" truecount="1" falsecount="1"/>
        <line num="64" count="0" type="stmt"/>
        <line num="67" count="5" type="stmt"/>
        <line num="72" count="4" type="stmt"/>
        <line num="73" count="4" type="stmt"/>
        <line num="74" count="0" type="stmt"/>
        <line num="77" count="4" type="stmt"/>
        <line num="78" count="1" type="stmt"/>
        <line num="81" count="1" type="stmt"/>
        <line num="82" count="1" type="stmt"/>
        <line num="89" count="42" type="stmt"/>
        <line num="90" count="14" type="stmt"/>
        <line num="91" count="14" type="cond" truecount="2" falsecount="0"/>
        <line num="92" count="3" type="stmt"/>
        <line num="94" count="14" type="cond" truecount="2" falsecount="0"/>
        <line num="95" count="3" type="stmt"/>
        <line num="101" count="1" type="stmt"/>
        <line num="102" count="1" type="stmt"/>
        <line num="103" count="1" type="stmt"/>
        <line num="107" count="4" type="stmt"/>
        <line num="108" count="4" type="stmt"/>
        <line num="109" count="4" type="stmt"/>
        <line num="112" count="42" type="cond" truecount="2" falsecount="0"/>
        <line num="113" count="14" type="stmt"/>
        <line num="123" count="27" type="stmt"/>
        <line num="149" count="81" type="stmt"/>
      </file>
      <file name="VideoPlayer.tsx" path="/Users/pdelebarre/dev/guitar-tutoma-ai/frontend/src/components/VideoPlayer.tsx">
        <metrics statements="1" coveredstatements="1" conditionals="2" coveredconditionals="2" methods="1" coveredmethods="1"/>
        <line num="10" count="6" type="stmt"/>
      </file>
    </package>
    <package name="src.context">
      <metrics statements="21" coveredstatements="21" conditionals="14" coveredconditionals="13" methods="6" coveredmethods="6"/>
      <file name="ThemeContext.tsx" path="/Users/pdelebarre/dev/guitar-tutoma-ai/frontend/src/context/ThemeContext.tsx">
        <metrics statements="21" coveredstatements="21" conditionals="14" coveredconditionals="13" methods="6" coveredmethods="6"/>
        <line num="10" count="2" type="stmt"/>
        <line num="12" count="2" type="stmt"/>
        <line num="16" count="14" type="stmt"/>
        <line num="17" count="14" type="stmt"/>
        <line num="18" count="14" type="cond" truecount="4" falsecount="0"/>
        <line num="19" count="1" type="stmt"/>
        <line num="26" count="13" type="cond" truecount="4" falsecount="0"/>
        <line num="27" count="1" type="cond" truecount="1" falsecount="1"/>
        <line num="30" count="12" type="stmt"/>
        <line num="34" count="19" type="stmt"/>
        <line num="37" count="19" type="stmt"/>
        <line num="38" count="18" type="stmt"/>
        <line num="39" count="18" type="stmt"/>
        <line num="40" count="18" type="stmt"/>
        <line num="46" count="19" type="stmt"/>
        <line num="47" count="4" type="cond" truecount="2" falsecount="0"/>
        <line num="50" count="19" type="stmt"/>
        <line num="58" count="24" type="stmt"/>
        <line num="59" count="24" type="cond" truecount="2" falsecount="0"/>
        <line num="60" count="4" type="stmt"/>
        <line num="62" count="18" type="stmt"/>
      </file>
    </package>
    <package name="src.pages">
      <metrics statements="327" coveredstatements="254" conditionals="202" coveredconditionals="149" methods="90" coveredmethods="66"/>
      <file name="PlaylistManager.tsx" path="/Users/pdelebarre/dev/guitar-tutoma-ai/frontend/src/pages/PlaylistManager.tsx">
        <metrics statements="176" coveredstatements="143" conditionals="78" coveredconditionals="55" methods="51" coveredmethods="39"/>
        <line num="20" count="34" type="stmt"/>
        <line num="23" count="136" type="stmt"/>
        <line num="39" count="94" type="stmt"/>
        <line num="40" count="94" type="stmt"/>
        <line num="41" count="94" type="stmt"/>
        <line num="43" count="94" type="stmt"/>
        <line num="44" count="6" type="stmt"/>
        <line num="45" count="6" type="cond" truecount="2" falsecount="0"/>
        <line num="46" count="1" type="stmt"/>
        <line num="47" count="1" type="stmt"/>
        <line num="50" count="5" type="stmt"/>
        <line num="51" count="5" type="stmt"/>
        <line num="52" count="5" type="stmt"/>
        <line num="53" count="5" type="cond" truecount="2" falsecount="0"/>
        <line num="54" count="2" type="stmt"/>
        <line num="56" count="3" type="stmt"/>
        <line num="58" count="5" type="stmt"/>
        <line num="61" count="94" type="stmt"/>
        <line num="62" count="39" type="cond" truecount="2" falsecount="0"/>
        <line num="63" count="1" type="stmt"/>
        <line num="67" count="94" type="stmt"/>
        <line num="77" count="38" type="stmt"/>
        <line num="78" count="38" type="cond" truecount="1" falsecount="1"/>
        <line num="104" count="69" type="stmt"/>
        <line num="118" count="14" type="stmt"/>
        <line num="125" count="5" type="stmt"/>
        <line num="160" count="63" type="stmt"/>
        <line num="161" count="63" type="stmt"/>
        <line num="162" count="63" type="stmt"/>
        <line num="163" count="63" type="stmt"/>
        <line num="164" count="63" type="stmt"/>
        <line num="165" count="63" type="stmt"/>
        <line num="168" count="63" type="stmt"/>
        <line num="169" count="189" type="stmt"/>
        <line num="172" count="63" type="stmt"/>
        <line num="173" count="3" type="stmt"/>
        <line num="174" count="3" type="cond" truecount="2" falsecount="0"/>
        <line num="175" count="1" type="stmt"/>
        <line num="176" count="1" type="stmt"/>
        <line num="178" count="2" type="stmt"/>
        <line num="179" count="2" type="stmt"/>
        <line num="180" count="2" type="cond" truecount="2" falsecount="0"/>
        <line num="181" count="1" type="stmt"/>
        <line num="183" count="1" type="stmt"/>
        <line num="187" count="63" type="stmt"/>
        <line num="188" count="1" type="stmt"/>
        <line num="189" count="1" type="stmt"/>
        <line num="190" count="1" type="stmt"/>
        <line num="193" count="63" type="stmt"/>
        <line num="194" count="27" type="cond" truecount="1" falsecount="1"/>
        <line num="195" count="0" type="stmt"/>
        <line num="196" count="27" type="cond" truecount="1" falsecount="1"/>
        <line num="197" count="0" type="stmt"/>
        <line num="201" count="63" type="stmt"/>
        <line num="202" count="2" type="cond" truecount="1" falsecount="1"/>
        <line num="203" count="2" type="stmt"/>
        <line num="204" count="2" type="stmt"/>
        <line num="209" count="63" type="stmt"/>
        <line num="210" count="0" type="stmt"/>
        <line num="213" count="63" type="stmt"/>
        <line num="214" count="0" type="stmt"/>
        <line num="215" count="0" type="stmt"/>
        <line num="218" count="63" type="stmt"/>
        <line num="219" count="0" type="stmt"/>
        <line num="222" count="63" type="stmt"/>
        <line num="223" count="0" type="cond" truecount="0" falsecount="4"/>
        <line num="224" count="0" type="stmt"/>
        <line num="225" count="0" type="stmt"/>
        <line num="226" count="0" type="stmt"/>
        <line num="229" count="0" type="stmt"/>
        <line num="230" count="0" type="stmt"/>
        <line num="231" count="0" type="stmt"/>
        <line num="234" count="0" type="stmt"/>
        <line num="236" count="0" type="stmt"/>
        <line num="237" count="0" type="stmt"/>
        <line num="239" count="0" type="stmt"/>
        <line num="242" count="63" type="stmt"/>
        <line num="243" count="0" type="stmt"/>
        <line num="244" count="0" type="stmt"/>
        <line num="247" count="63" type="stmt"/>
        <line num="269" count="31" type="stmt"/>
        <line num="270" count="31" type="cond" truecount="1" falsecount="1"/>
        <line num="297" count="4" type="stmt"/>
        <line num="298" count="4" type="stmt"/>
        <line num="324" count="2" type="stmt"/>
        <line num="329" count="126" type="stmt"/>
        <line num="356" count="63" type="stmt"/>
        <line num="363" count="0" type="stmt"/>
        <line num="364" count="0" type="stmt"/>
        <line num="366" count="0" type="stmt"/>
        <line num="391" count="2" type="stmt"/>
        <line num="418" count="5" type="stmt"/>
        <line num="438" count="124" type="stmt"/>
        <line num="439" count="124" type="stmt"/>
        <line num="440" count="124" type="stmt"/>
        <line num="441" count="124" type="stmt"/>
        <line num="444" count="124" type="stmt"/>
        <line num="445" count="124" type="stmt"/>
        <line num="447" count="124" type="stmt"/>
        <line num="448" count="34" type="stmt"/>
        <line num="449" count="34" type="stmt"/>
        <line num="450" count="34" type="stmt"/>
        <line num="451" count="34" type="stmt"/>
        <line num="452" count="30" type="stmt"/>
        <line num="454" count="3" type="stmt"/>
        <line num="456" count="33" type="stmt"/>
        <line num="460" count="124" type="stmt"/>
        <line num="461" count="33" type="stmt"/>
        <line num="466" count="124" type="stmt"/>
        <line num="467" count="5" type="stmt"/>
        <line num="468" count="5" type="stmt"/>
        <line num="469" count="3" type="stmt"/>
        <line num="470" count="3" type="stmt"/>
        <line num="472" count="2" type="cond" truecount="2" falsecount="0"/>
        <line num="473" count="1" type="stmt"/>
        <line num="474" count="1" type="cond" truecount="1" falsecount="1"/>
        <line num="476" count="1" type="stmt"/>
        <line num="480" count="124" type="stmt"/>
        <line num="481" count="5" type="stmt"/>
        <line num="484" count="124" type="stmt"/>
        <line num="485" count="2" type="cond" truecount="1" falsecount="1"/>
        <line num="486" count="2" type="stmt"/>
        <line num="487" count="2" type="stmt"/>
        <line num="488" count="2" type="stmt"/>
        <line num="489" count="2" type="stmt"/>
        <line num="490" count="2" type="stmt"/>
        <line num="492" count="1" type="stmt"/>
        <line num="496" count="124" type="stmt"/>
        <line num="497" count="1" type="stmt"/>
        <line num="500" count="124" type="stmt"/>
        <line num="501" count="14" type="stmt"/>
        <line num="502" count="14" type="stmt"/>
        <line num="503" count="14" type="stmt"/>
        <line num="507" count="13" type="stmt"/>
        <line num="508" count="13" type="stmt"/>
        <line num="510" count="1" type="stmt"/>
        <line num="516" count="124" type="stmt"/>
        <line num="517" count="1" type="stmt"/>
        <line num="519" count="1" type="stmt"/>
        <line num="522" count="124" type="stmt"/>
        <line num="523" count="2" type="cond" truecount="1" falsecount="1"/>
        <line num="524" count="2" type="stmt"/>
        <line num="525" count="2" type="stmt"/>
        <line num="526" count="1" type="stmt"/>
        <line num="527" count="1" type="cond" truecount="1" falsecount="1"/>
        <line num="529" count="1" type="stmt"/>
        <line num="531" count="1" type="cond" truecount="1" falsecount="1"/>
        <line num="532" count="1" type="stmt"/>
        <line num="533" count="1" type="cond" truecount="1" falsecount="1"/>
        <line num="535" count="0" type="stmt"/>
        <line num="539" count="124" type="stmt"/>
        <line num="540" count="2" type="cond" truecount="1" falsecount="1"/>
        <line num="541" count="2" type="stmt"/>
        <line num="542" count="2" type="stmt"/>
        <line num="544" count="1" type="stmt"/>
        <line num="545" count="1" type="stmt"/>
        <line num="547" count="1" type="stmt"/>
        <line num="551" count="124" type="stmt"/>
        <line num="552" count="2" type="cond" truecount="1" falsecount="1"/>
        <line num="553" count="2" type="stmt"/>
        <line num="554" count="2" type="stmt"/>
        <line num="555" count="1" type="stmt"/>
        <line num="556" count="1" type="stmt"/>
        <line num="558" count="1" type="stmt"/>
        <line num="562" count="124" type="stmt"/>
        <line num="563" count="0" type="cond" truecount="0" falsecount="2"/>
        <line num="564" count="0" type="stmt"/>
        <line num="565" count="0" type="stmt"/>
        <line num="566" count="0" type="stmt"/>
        <line num="568" count="0" type="stmt"/>
        <line num="569" count="0" type="cond" truecount="0" falsecount="2"/>
        <line num="573" count="0" type="stmt"/>
        <line num="574" count="0" type="stmt"/>
        <line num="575" count="0" type="stmt"/>
        <line num="577" count="0" type="stmt"/>
        <line num="584" count="124" type="stmt"/>
      </file>
      <file name="SongLibrary.tsx" path="/Users/pdelebarre/dev/guitar-tutoma-ai/frontend/src/pages/SongLibrary.tsx">
        <metrics statements="98" coveredstatements="61" conditionals="78" coveredconditionals="54" methods="27" coveredmethods="15"/>
        <line num="10" count="119" type="stmt"/>
        <line num="13" count="595" type="stmt"/>
        <line num="25" count="236" type="stmt"/>
        <line num="26" count="236" type="stmt"/>
        <line num="27" count="236" type="stmt"/>
        <line num="28" count="236" type="stmt"/>
        <line num="29" count="236" type="stmt"/>
        <line num="30" count="236" type="stmt"/>
        <line num="31" count="236" type="stmt"/>
        <line num="32" count="236" type="stmt"/>
        <line num="34" count="236" type="stmt"/>
        <line num="35" count="116" type="stmt"/>
        <line num="38" count="116" type="stmt"/>
        <line num="39" count="116" type="stmt"/>
        <line num="40" count="116" type="stmt"/>
        <line num="42" count="116" type="stmt"/>
        <line num="44" count="108" type="cond" truecount="1" falsecount="1"/>
        <line num="45" count="108" type="stmt"/>
        <line num="48" count="108" type="stmt"/>
        <line num="50" count="434" type="stmt"/>
        <line num="51" count="2" type="stmt"/>
        <line num="55" count="108" type="cond" truecount="1" falsecount="1"/>
        <line num="57" count="108" type="stmt"/>
        <line num="58" count="108" type="stmt"/>
        <line num="59" count="434" type="cond" truecount="2" falsecount="0"/>
        <line num="60" count="2" type="stmt"/>
        <line num="61" count="2" type="stmt"/>
        <line num="64" count="108" type="stmt"/>
        <line num="66" count="7" type="cond" truecount="1" falsecount="1"/>
        <line num="67" count="7" type="stmt"/>
        <line num="70" count="115" type="cond" truecount="1" falsecount="1"/>
        <line num="71" count="115" type="stmt"/>
        <line num="76" count="116" type="stmt"/>
        <line num="78" count="116" type="stmt"/>
        <line num="79" count="116" type="stmt"/>
        <line num="84" count="874" type="stmt"/>
        <line num="85" count="874" type="cond" truecount="2" falsecount="0"/>
        <line num="89" count="4" type="cond" truecount="2" falsecount="2"/>
        <line num="91" count="2" type="stmt"/>
        <line num="93" count="0" type="stmt"/>
        <line num="95" count="2" type="stmt"/>
        <line num="97" count="0" type="stmt"/>
        <line num="101" count="236" type="stmt"/>
        <line num="102" count="226" type="stmt"/>
        <line num="105" count="226" type="cond" truecount="1" falsecount="1"/>
        <line num="106" count="0" type="stmt"/>
        <line num="107" count="0" type="stmt"/>
        <line num="111" count="226" type="cond" truecount="1" falsecount="1"/>
        <line num="112" count="0" type="stmt"/>
        <line num="113" count="0" type="stmt"/>
        <line num="114" count="0" type="stmt"/>
        <line num="119" count="226" type="stmt"/>
        <line num="120" count="603" type="stmt"/>
        <line num="121" count="603" type="cond" truecount="1" falsecount="1"/>
        <line num="124" count="226" type="stmt"/>
        <line num="128" count="0" type="cond" truecount="0" falsecount="2"/>
        <line num="132" count="1" type="stmt"/>
        <line num="136" count="0" type="cond" truecount="0" falsecount="4"/>
        <line num="137" count="0" type="stmt"/>
        <line num="138" count="0" type="stmt"/>
        <line num="143" count="0" type="stmt"/>
        <line num="144" count="0" type="stmt"/>
        <line num="147" count="0" type="stmt"/>
        <line num="148" count="0" type="stmt"/>
        <line num="149" count="0" type="stmt"/>
        <line num="150" count="0" type="stmt"/>
        <line num="151" count="0" type="stmt"/>
        <line num="152" count="0" type="stmt"/>
        <line num="154" count="0" type="stmt"/>
        <line num="156" count="0" type="stmt"/>
        <line num="157" count="0" type="stmt"/>
        <line num="161" count="0" type="stmt"/>
        <line num="162" count="0" type="stmt"/>
        <line num="163" count="0" type="cond" truecount="0" falsecount="2"/>
        <line num="164" count="0" type="stmt"/>
        <line num="165" count="0" type="stmt"/>
        <line num="168" count="0" type="stmt"/>
        <line num="170" count="0" type="stmt"/>
        <line num="172" count="0" type="stmt"/>
        <line num="175" count="0" type="stmt"/>
        <line num="178" count="236" type="cond" truecount="2" falsecount="0"/>
        <line num="179" count="120" type="stmt"/>
        <line num="189" count="115" type="cond" truecount="2" falsecount="0"/>
        <line num="190" count="5" type="stmt"/>
        <line num="206" count="110" type="cond" truecount="2" falsecount="0"/>
        <line num="207" count="3" type="stmt"/>
        <line num="220" count="107" type="stmt"/>
        <line num="252" count="0" type="cond" truecount="0" falsecount="4"/>
        <line num="253" count="0" type="stmt"/>
        <line num="254" count="0" type="stmt"/>
        <line num="274" count="437" type="stmt"/>
        <line num="275" count="437" type="stmt"/>
        <line num="278" count="1" type="stmt"/>
        <line num="279" count="0" type="stmt"/>
        <line num="324" count="437" type="stmt"/>
        <line num="325" count="437" type="stmt"/>
        <line num="329" count="0" type="stmt"/>
        <line num="330" count="0" type="stmt"/>
      </file>
      <file name="TutorialDetail.tsx" path="/Users/pdelebarre/dev/guitar-tutoma-ai/frontend/src/pages/TutorialDetail.tsx">
        <metrics statements="53" coveredstatements="50" conditionals="46" coveredconditionals="40" methods="12" coveredmethods="12"/>
        <line num="12" count="78" type="stmt"/>
        <line num="13" count="78" type="stmt"/>
        <line num="14" count="78" type="stmt"/>
        <line num="15" count="78" type="stmt"/>
        <line num="16" count="78" type="stmt"/>
        <line num="17" count="78" type="stmt"/>
        <line num="20" count="78" type="stmt"/>
        <line num="21" count="37" type="stmt"/>
        <line num="23" count="37" type="stmt"/>
        <line num="24" count="37" type="stmt"/>
        <line num="25" count="37" type="stmt"/>
        <line num="27" count="37" type="stmt"/>
        <line num="28" count="148" type="stmt"/>
        <line num="29" count="148" type="cond" truecount="4" falsecount="0"/>
        <line num="30" count="60" type="stmt"/>
        <line num="34" count="37" type="stmt"/>
        <line num="37" count="37" type="stmt"/>
        <line num="38" count="37" type="stmt"/>
        <line num="40" count="37" type="stmt"/>
        <line num="43" count="78" type="stmt"/>
        <line num="44" count="20" type="stmt"/>
        <line num="47" count="20" type="cond" truecount="1" falsecount="1"/>
        <line num="48" count="0" type="stmt"/>
        <line num="49" count="0" type="stmt"/>
        <line num="50" count="0" type="stmt"/>
        <line num="53" count="20" type="stmt"/>
        <line num="54" count="20" type="stmt"/>
        <line num="55" count="20" type="stmt"/>
        <line num="56" count="20" type="stmt"/>
        <line num="57" count="17" type="cond" truecount="1" falsecount="1"/>
        <line num="58" count="17" type="stmt"/>
        <line num="61" count="2" type="cond" truecount="1" falsecount="1"/>
        <line num="62" count="2" type="stmt"/>
        <line num="65" count="19" type="cond" truecount="1" falsecount="1"/>
        <line num="66" count="19" type="stmt"/>
        <line num="71" count="20" type="stmt"/>
        <line num="73" count="20" type="stmt"/>
        <line num="74" count="20" type="stmt"/>
        <line num="78" count="78" type="cond" truecount="2" falsecount="0"/>
        <line num="79" count="40" type="stmt"/>
        <line num="97" count="37" type="cond" truecount="4" falsecount="0"/>
        <line num="98" count="2" type="stmt"/>
        <line num="112" count="35" type="cond" truecount="2" falsecount="0"/>
        <line num="116" count="78" type="cond" truecount="2" falsecount="0"/>
        <line num="120" count="78" type="stmt"/>
        <line num="128" count="1" type="stmt"/>
        <line num="129" count="1" type="cond" truecount="1" falsecount="1"/>
        <line num="130" count="1" type="stmt"/>
        <line num="131" count="1" type="stmt"/>
        <line num="135" count="78" type="stmt"/>
        <line num="148" count="132" type="stmt"/>
        <line num="151" count="1" type="stmt"/>
        <line num="168" count="1" type="stmt"/>
      </file>
    </package>
    <package name="src.services">
      <metrics statements="49" coveredstatements="49" conditionals="10" coveredconditionals="10" methods="28" coveredmethods="28"/>
      <file name="api.ts" path="/Users/pdelebarre/dev/guitar-tutoma-ai/frontend/src/services/api.ts">
        <metrics statements="49" coveredstatements="49" conditionals="10" coveredconditionals="10" methods="28" coveredmethods="28"/>
        <line num="13" count="15" type="stmt"/>
        <line num="14" count="15" type="stmt"/>
        <line num="15" count="15" type="stmt"/>
        <line num="17" count="15" type="stmt"/>
        <line num="18" count="15" type="stmt"/>
        <line num="24" count="3" type="stmt"/>
        <line num="25" count="3" type="stmt"/>
        <line num="31" count="3" type="stmt"/>
        <line num="32" count="3" type="stmt"/>
        <line num="38" count="3" type="stmt"/>
        <line num="39" count="3" type="stmt"/>
        <line num="46" count="44" type="stmt"/>
        <line num="54" count="34" type="cond" truecount="2" falsecount="0"/>
        <line num="56" count="11" type="stmt"/>
        <line num="57" count="11" type="stmt"/>
        <line num="59" count="1" type="stmt"/>
        <line num="62" count="11" type="cond" truecount="2" falsecount="0"/>
        <line num="63" count="2" type="stmt"/>
        <line num="65" count="9" type="cond" truecount="2" falsecount="0"/>
        <line num="66" count="2" type="stmt"/>
        <line num="68" count="7" type="cond" truecount="2" falsecount="0"/>
        <line num="69" count="2" type="stmt"/>
        <line num="71" count="5" type="stmt"/>
        <line num="75" count="23" type="cond" truecount="2" falsecount="0"/>
        <line num="76" count="8" type="stmt"/>
        <line num="79" count="15" type="stmt"/>
        <line num="85" count="16" type="stmt"/>
        <line num="89" count="3" type="stmt"/>
        <line num="93" count="8" type="stmt"/>
        <line num="97" count="2" type="stmt"/>
        <line num="101" count="1" type="stmt"/>
        <line num="107" count="1" type="stmt"/>
        <line num="116" count="2" type="stmt"/>
        <line num="130" count="1" type="stmt"/>
        <line num="143" count="1" type="stmt"/>
        <line num="156" count="1" type="stmt"/>
        <line num="165" count="1" type="stmt"/>
        <line num="179" count="1" type="stmt"/>
        <line num="192" count="1" type="stmt"/>
        <line num="205" count="1" type="stmt"/>
        <line num="214" count="1" type="stmt"/>
        <line num="226" count="3" type="stmt"/>
        <line num="230" count="2" type="stmt"/>
        <line num="237" count="2" type="stmt"/>
        <line num="244" count="1" type="stmt"/>
        <line num="251" count="2" type="stmt"/>
        <line num="260" count="1" type="stmt"/>
        <line num="270" count="1" type="stmt"/>
        <line num="280" count="2" type="stmt"/>
      </file>
    </package>
  </project>
</coverage>
