{"/Users/pdelebarre/dev/guitar-tutoma-ai/frontend/src/App.tsx": {"path":"/Users/pdelebarre/dev/guitar-tutoma-ai/frontend/src/App.tsx","statementMap":{"0":{"start":{"line":9,"column":17},"end":{"line":9,"column":43}},"1":{"start":{"line":11,"column":2},"end":{"line":45,"column":null}},"2":{"start":{"line":20,"column":63},"end":{"line":20,"column":103}},"3":{"start":{"line":23,"column":68},"end":{"line":23,"column":108}}},"fnMap":{"0":{"name":"App","decl":{"start":{"line":8,"column":9},"end":{"line":8,"column":15}},"loc":{"start":{"line":8,"column":15},"end":{"line":45,"column":null}},"line":8},"1":{"name":"(anonymous_1)","decl":{"start":{"line":20,"column":34},"end":{"line":20,"column":46}},"loc":{"start":{"line":20,"column":63},"end":{"line":20,"column":103}},"line":20},"2":{"name":"(anonymous_2)","decl":{"start":{"line":23,"column":39},"end":{"line":23,"column":51}},"loc":{"start":{"line":23,"column":68},"end":{"line":23,"column":108}},"line":23}},"branchMap":{"0":{"loc":{"start":{"line":20,"column":74},"end":{"line":20,"column":103}},"type":"cond-expr","locations":[{"start":{"line":20,"column":85},"end":{"line":20,"column":97}},{"start":{"line":20,"column":97},"end":{"line":20,"column":103}}],"line":20},"1":{"loc":{"start":{"line":23,"column":79},"end":{"line":23,"column":108}},"type":"cond-expr","locations":[{"start":{"line":23,"column":90},"end":{"line":23,"column":102}},{"start":{"line":23,"column":102},"end":{"line":23,"column":108}}],"line":23},"2":{"loc":{"start":{"line":31,"column":37},"end":{"line":31,"column":74}},"type":"cond-expr","locations":[{"start":{"line":31,"column":57},"end":{"line":31,"column":66}},{"start":{"line":31,"column":66},"end":{"line":31,"column":74}}],"line":31},"3":{"loc":{"start":{"line":32,"column":32},"end":{"line":32,"column":69}},"type":"cond-expr","locations":[{"start":{"line":32,"column":52},"end":{"line":32,"column":61}},{"start":{"line":32,"column":61},"end":{"line":32,"column":69}}],"line":32},"4":{"loc":{"start":{"line":34,"column":13},"end":{"line":34,"column":null}},"type":"cond-expr","locations":[{"start":{"line":34,"column":33},"end":{"line":34,"column":40}},{"start":{"line":34,"column":40},"end":{"line":34,"column":null}}],"line":34}},"s":{"0":11,"1":11,"2":10,"3":10},"f":{"0":11,"1":10,"2":10},"b":{"0":[7,3],"1":[2,8],"2":[9,1],"3":[9,1],"4":[9,1]},"meta":{"lastBranch":5,"lastFunction":3,"lastStatement":4,"seen":{"f:8:9:8:15":0,"s:9:17:9:43":0,"s:11:2:45:Infinity":1,"f:20:34:20:46":1,"s:20:63:20:103":2,"b:20:85:20:97:20:97:20:103":0,"f:23:39:23:51":2,"s:23:68:23:108":3,"b:23:90:23:102:23:102:23:108":1,"b:31:57:31:66:31:66:31:74":2,"b:32:52:32:61:32:61:32:69":3,"b:34:33:34:40:34:40:34:Infinity":4}}}
,"/Users/pdelebarre/dev/guitar-tutoma-ai/frontend/src/components/CommentPanel.tsx": {"path":"/Users/pdelebarre/dev/guitar-tutoma-ai/frontend/src/components/CommentPanel.tsx","statementMap":{"0":{"start":{"line":12,"column":27},"end":{"line":12,"column":null}},"1":{"start":{"line":19,"column":15},"end":{"line":19,"column":32}},"2":{"start":{"line":20,"column":2},"end":{"line":26,"column":null}},"3":{"start":{"line":30,"column":16},"end":{"line":30,"column":40}},"4":{"start":{"line":31,"column":2},"end":{"line":32,"column":null}},"5":{"start":{"line":32,"column":4},"end":{"line":32,"column":null}},"6":{"start":{"line":34,"column":2},"end":{"line":34,"column":null}},"7":{"start":{"line":38,"column":17},"end":{"line":47,"column":null}},"8":{"start":{"line":48,"column":2},"end":{"line":48,"column":null}},"9":{"start":{"line":60,"column":2},"end":{"line":73,"column":null}},"10":{"start":{"line":80,"column":2},"end":{"line":85,"column":null}},"11":{"start":{"line":81,"column":21},"end":{"line":81,"column":null}},"12":{"start":{"line":82,"column":4},"end":{"line":82,"column":null}},"13":{"start":{"line":82,"column":19},"end":{"line":82,"column":null}},"14":{"start":{"line":83,"column":4},"end":{"line":83,"column":null}},"15":{"start":{"line":84,"column":4},"end":{"line":84,"column":null}},"16":{"start":{"line":91,"column":19},"end":{"line":91,"column":57}},"17":{"start":{"line":92,"column":18},"end":{"line":92,"column":46}},"18":{"start":{"line":93,"column":18},"end":{"line":93,"column":44}},"19":{"start":{"line":94,"column":21},"end":{"line":94,"column":53}},"20":{"start":{"line":95,"column":16},"end":{"line":95,"column":57}},"21":{"start":{"line":96,"column":20},"end":{"line":96,"column":65}},"22":{"start":{"line":97,"column":19},"end":{"line":97,"column":46}},"23":{"start":{"line":98,"column":20},"end":{"line":98,"column":65}},"24":{"start":{"line":99,"column":26},"end":{"line":99,"column":77}},"25":{"start":{"line":100,"column":8},"end":{"line":100,"column":55}},"26":{"start":{"line":101,"column":8},"end":{"line":101,"column":59}},"27":{"start":{"line":103,"column":2},"end":{"line":103,"column":null}},"28":{"start":{"line":104,"column":2},"end":{"line":104,"column":null}},"29":{"start":{"line":106,"column":8},"end":{"line":116,"column":18}},"30":{"start":{"line":107,"column":4},"end":{"line":114,"column":null}},"31":{"start":{"line":108,"column":6},"end":{"line":108,"column":null}},"32":{"start":{"line":109,"column":19},"end":{"line":109,"column":48}},"33":{"start":{"line":110,"column":6},"end":{"line":110,"column":null}},"34":{"start":{"line":112,"column":6},"end":{"line":112,"column":null}},"35":{"start":{"line":114,"column":6},"end":{"line":114,"column":null}},"36":{"start":{"line":118,"column":2},"end":{"line":120,"column":null}},"37":{"start":{"line":119,"column":4},"end":{"line":119,"column":null}},"38":{"start":{"line":122,"column":20},"end":{"line":143,"column":null}},"39":{"start":{"line":123,"column":20},"end":{"line":123,"column":34}},"40":{"start":{"line":124,"column":4},"end":{"line":126,"column":null}},"41":{"start":{"line":125,"column":6},"end":{"line":125,"column":null}},"42":{"start":{"line":126,"column":6},"end":{"line":126,"column":null}},"43":{"start":{"line":129,"column":4},"end":{"line":143,"column":null}},"44":{"start":{"line":130,"column":6},"end":{"line":130,"column":null}},"45":{"start":{"line":131,"column":6},"end":{"line":131,"column":null}},"46":{"start":{"line":132,"column":22},"end":{"line":132,"column":62}},"47":{"start":{"line":133,"column":6},"end":{"line":133,"column":null}},"48":{"start":{"line":133,"column":28},"end":{"line":133,"column":46}},"49":{"start":{"line":134,"column":6},"end":{"line":134,"column":null}},"50":{"start":{"line":136,"column":6},"end":{"line":140,"column":null}},"51":{"start":{"line":137,"column":21},"end":{"line":137,"column":null}},"52":{"start":{"line":138,"column":8},"end":{"line":138,"column":null}},"53":{"start":{"line":140,"column":8},"end":{"line":140,"column":null}},"54":{"start":{"line":143,"column":6},"end":{"line":143,"column":null}},"55":{"start":{"line":147,"column":8},"end":{"line":149,"column":null}},"56":{"start":{"line":148,"column":4},"end":{"line":148,"column":null}},"57":{"start":{"line":149,"column":4},"end":{"line":149,"column":null}},"58":{"start":{"line":152,"column":8},"end":{"line":155,"column":null}},"59":{"start":{"line":153,"column":4},"end":{"line":155,"column":null}},"60":{"start":{"line":154,"column":6},"end":{"line":154,"column":null}},"61":{"start":{"line":155,"column":6},"end":{"line":155,"column":null}},"62":{"start":{"line":159,"column":8},"end":{"line":162,"column":null}},"63":{"start":{"line":160,"column":4},"end":{"line":160,"column":null}},"64":{"start":{"line":161,"column":4},"end":{"line":161,"column":null}},"65":{"start":{"line":162,"column":4},"end":{"line":162,"column":null}},"66":{"start":{"line":165,"column":8},"end":{"line":168,"column":null}},"67":{"start":{"line":166,"column":4},"end":{"line":166,"column":null}},"68":{"start":{"line":167,"column":4},"end":{"line":167,"column":null}},"69":{"start":{"line":168,"column":4},"end":{"line":168,"column":null}},"70":{"start":{"line":171,"column":25},"end":{"line":191,"column":null}},"71":{"start":{"line":172,"column":20},"end":{"line":172,"column":35}},"72":{"start":{"line":173,"column":4},"end":{"line":175,"column":null}},"73":{"start":{"line":174,"column":6},"end":{"line":174,"column":null}},"74":{"start":{"line":175,"column":6},"end":{"line":175,"column":null}},"75":{"start":{"line":178,"column":4},"end":{"line":191,"column":null}},"76":{"start":{"line":179,"column":6},"end":{"line":179,"column":null}},"77":{"start":{"line":180,"column":22},"end":{"line":180,"column":73}},"78":{"start":{"line":181,"column":6},"end":{"line":183,"column":null}},"79":{"start":{"line":182,"column":8},"end":{"line":182,"column":59}},"80":{"start":{"line":182,"column":25},"end":{"line":182,"column":59}},"81":{"start":{"line":184,"column":6},"end":{"line":184,"column":null}},"82":{"start":{"line":185,"column":6},"end":{"line":185,"column":null}},"83":{"start":{"line":187,"column":6},"end":{"line":191,"column":null}},"84":{"start":{"line":188,"column":21},"end":{"line":188,"column":null}},"85":{"start":{"line":189,"column":8},"end":{"line":189,"column":null}},"86":{"start":{"line":191,"column":8},"end":{"line":191,"column":null}},"87":{"start":{"line":196,"column":8},"end":{"line":197,"column":null}},"88":{"start":{"line":197,"column":4},"end":{"line":197,"column":null}},"89":{"start":{"line":200,"column":30},"end":{"line":209,"column":null}},"90":{"start":{"line":201,"column":4},"end":{"line":201,"column":null}},"91":{"start":{"line":201,"column":34},"end":{"line":201,"column":null}},"92":{"start":{"line":202,"column":22},"end":{"line":202,"column":null}},"93":{"start":{"line":203,"column":4},"end":{"line":203,"column":null}},"94":{"start":{"line":205,"column":4},"end":{"line":209,"column":null}},"95":{"start":{"line":206,"column":6},"end":{"line":206,"column":null}},"96":{"start":{"line":207,"column":6},"end":{"line":207,"column":null}},"97":{"start":{"line":207,"column":28},"end":{"line":207,"column":66}},"98":{"start":{"line":207,"column":47},"end":{"line":207,"column":66}},"99":{"start":{"line":209,"column":6},"end":{"line":209,"column":null}},"100":{"start":{"line":213,"column":8},"end":{"line":214,"column":null}},"101":{"start":{"line":214,"column":4},"end":{"line":214,"column":null}},"102":{"start":{"line":217,"column":2},"end":{"line":381,"column":null}},"103":{"start":{"line":229,"column":12},"end":{"line":230,"column":null}},"104":{"start":{"line":230,"column":14},"end":{"line":230,"column":null}},"105":{"start":{"line":232,"column":12},"end":{"line":232,"column":null}},"106":{"start":{"line":232,"column":23},"end":{"line":232,"column":null}},"107":{"start":{"line":281,"column":12},"end":{"line":370,"column":null}},"108":{"start":{"line":289,"column":22},"end":{"line":290,"column":null}},"109":{"start":{"line":290,"column":24},"end":{"line":290,"column":null}},"110":{"start":{"line":292,"column":22},"end":{"line":292,"column":null}},"111":{"start":{"line":292,"column":37},"end":{"line":292,"column":null}},"112":{"start":{"line":310,"column":37},"end":{"line":310,"column":63}},"113":{"start":{"line":345,"column":37},"end":{"line":345,"column":56}},"114":{"start":{"line":357,"column":37},"end":{"line":357,"column":68}}},"fnMap":{"0":{"name":"formatDate","decl":{"start":{"line":18,"column":9},"end":{"line":18,"column":20}},"loc":{"start":{"line":18,"column":45},"end":{"line":26,"column":null}},"line":18},"1":{"name":"getInitials","decl":{"start":{"line":29,"column":9},"end":{"line":29,"column":21}},"loc":{"start":{"line":29,"column":43},"end":{"line":34,"column":null}},"line":29},"2":{"name":"getAvatarColor","decl":{"start":{"line":37,"column":9},"end":{"line":37,"column":24}},"loc":{"start":{"line":37,"column":44},"end":{"line":48,"column":null}},"line":37},"3":{"name":"ConfirmDialog","decl":{"start":{"line":59,"column":9},"end":{"line":59,"column":23}},"loc":{"start":{"line":59,"column":77},"end":{"line":73,"column":null}},"line":59},"4":{"name":"useAutoResize","decl":{"start":{"line":79,"column":9},"end":{"line":79,"column":23}},"loc":{"start":{"line":79,"column":88},"end":{"line":85,"column":null}},"line":79},"5":{"name":"(anonymous_5)","decl":{"start":{"line":80,"column":2},"end":{"line":80,"column":18}},"loc":{"start":{"line":80,"column":18},"end":{"line":85,"column":6}},"line":80},"6":{"name":"CommentPanel","decl":{"start":{"line":90,"column":24},"end":{"line":90,"column":37}},"loc":{"start":{"line":90,"column":72},"end":{"line":381,"column":null}},"line":90},"7":{"name":"(anonymous_7)","decl":{"start":{"line":106,"column":36},"end":{"line":106,"column":48}},"loc":{"start":{"line":106,"column":48},"end":{"line":116,"column":6}},"line":106},"8":{"name":"(anonymous_8)","decl":{"start":{"line":118,"column":2},"end":{"line":118,"column":18}},"loc":{"start":{"line":118,"column":18},"end":{"line":120,"column":6}},"line":118},"9":{"name":"(anonymous_9)","decl":{"start":{"line":122,"column":20},"end":{"line":122,"column":32}},"loc":{"start":{"line":122,"column":32},"end":{"line":143,"column":null}},"line":122},"10":{"name":"(anonymous_10)","decl":{"start":{"line":133,"column":6},"end":{"line":133,"column":19}},"loc":{"start":{"line":133,"column":28},"end":{"line":133,"column":46}},"line":133},"11":{"name":"(anonymous_11)","decl":{"start":{"line":147,"column":8},"end":{"line":147,"column":32}},"loc":{"start":{"line":147,"column":32},"end":{"line":149,"column":null}},"line":147},"12":{"name":"(anonymous_12)","decl":{"start":{"line":152,"column":8},"end":{"line":152,"column":25}},"loc":{"start":{"line":152,"column":52},"end":{"line":155,"column":null}},"line":152},"13":{"name":"(anonymous_13)","decl":{"start":{"line":159,"column":8},"end":{"line":159,"column":22}},"loc":{"start":{"line":159,"column":43},"end":{"line":162,"column":null}},"line":159},"14":{"name":"(anonymous_14)","decl":{"start":{"line":165,"column":8},"end":{"line":165,"column":33}},"loc":{"start":{"line":165,"column":33},"end":{"line":168,"column":null}},"line":165},"15":{"name":"(anonymous_15)","decl":{"start":{"line":171,"column":25},"end":{"line":171,"column":32}},"loc":{"start":{"line":171,"column":54},"end":{"line":191,"column":null}},"line":171},"16":{"name":"(anonymous_16)","decl":{"start":{"line":181,"column":6},"end":{"line":181,"column":19}},"loc":{"start":{"line":182,"column":8},"end":{"line":182,"column":59}},"line":182},"17":{"name":"(anonymous_17)","decl":{"start":{"line":182,"column":13},"end":{"line":182,"column":18}},"loc":{"start":{"line":182,"column":25},"end":{"line":182,"column":59}},"line":182},"18":{"name":"(anonymous_18)","decl":{"start":{"line":196,"column":8},"end":{"line":196,"column":31}},"loc":{"start":{"line":196,"column":53},"end":{"line":197,"column":null}},"line":196},"19":{"name":"(anonymous_19)","decl":{"start":{"line":200,"column":30},"end":{"line":200,"column":42}},"loc":{"start":{"line":200,"column":42},"end":{"line":209,"column":null}},"line":200},"20":{"name":"(anonymous_20)","decl":{"start":{"line":207,"column":6},"end":{"line":207,"column":19}},"loc":{"start":{"line":207,"column":28},"end":{"line":207,"column":66}},"line":207},"21":{"name":"(anonymous_21)","decl":{"start":{"line":207,"column":33},"end":{"line":207,"column":41}},"loc":{"start":{"line":207,"column":47},"end":{"line":207,"column":66}},"line":207},"22":{"name":"(anonymous_22)","decl":{"start":{"line":213,"column":8},"end":{"line":213,"column":35}},"loc":{"start":{"line":213,"column":35},"end":{"line":214,"column":null}},"line":213},"23":{"name":"(anonymous_23)","decl":{"start":{"line":228,"column":10},"end":{"line":228,"column":21}},"loc":{"start":{"line":228,"column":27},"end":{"line":232,"column":null}},"line":228},"24":{"name":"(anonymous_24)","decl":{"start":{"line":280,"column":20},"end":{"line":280,"column":25}},"loc":{"start":{"line":281,"column":12},"end":{"line":370,"column":null}},"line":281},"25":{"name":"(anonymous_25)","decl":{"start":{"line":288,"column":20},"end":{"line":288,"column":31}},"loc":{"start":{"line":288,"column":37},"end":{"line":292,"column":null}},"line":288},"26":{"name":"(anonymous_26)","decl":{"start":{"line":310,"column":22},"end":{"line":310,"column":37}},"loc":{"start":{"line":310,"column":37},"end":{"line":310,"column":63}},"line":310},"27":{"name":"(anonymous_27)","decl":{"start":{"line":345,"column":22},"end":{"line":345,"column":37}},"loc":{"start":{"line":345,"column":37},"end":{"line":345,"column":56}},"line":345},"28":{"name":"(anonymous_28)","decl":{"start":{"line":357,"column":22},"end":{"line":357,"column":37}},"loc":{"start":{"line":357,"column":37},"end":{"line":357,"column":68}},"line":357}},"branchMap":{"0":{"loc":{"start":{"line":31,"column":2},"end":{"line":32,"column":null}},"type":"if","locations":[{"start":{"line":31,"column":2},"end":{"line":32,"column":null}},{"start":{},"end":{}}],"line":31},"1":{"loc":{"start":{"line":34,"column":9},"end":{"line":34,"column":null}},"type":"binary-expr","locations":[{"start":{"line":34,"column":9},"end":{"line":34,"column":38}},{"start":{"line":34,"column":42},"end":{"line":34,"column":null}}],"line":34},"2":{"loc":{"start":{"line":82,"column":4},"end":{"line":82,"column":null}},"type":"if","locations":[{"start":{"line":82,"column":4},"end":{"line":82,"column":null}},{"start":{},"end":{}}],"line":82},"3":{"loc":{"start":{"line":124,"column":4},"end":{"line":126,"column":null}},"type":"if","locations":[{"start":{"line":124,"column":4},"end":{"line":126,"column":null}},{"start":{},"end":{}}],"line":124},"4":{"loc":{"start":{"line":136,"column":6},"end":{"line":140,"column":null}},"type":"if","locations":[{"start":{"line":136,"column":6},"end":{"line":140,"column":null}},{"start":{"line":139,"column":13},"end":{"line":140,"column":null}}],"line":136},"5":{"loc":{"start":{"line":138,"column":17},"end":{"line":138,"column":51}},"type":"binary-expr","locations":[{"start":{"line":138,"column":17},"end":{"line":138,"column":31}},{"start":{"line":138,"column":31},"end":{"line":138,"column":51}}],"line":138},"6":{"loc":{"start":{"line":153,"column":4},"end":{"line":155,"column":null}},"type":"if","locations":[{"start":{"line":153,"column":4},"end":{"line":155,"column":null}},{"start":{},"end":{}}],"line":153},"7":{"loc":{"start":{"line":153,"column":8},"end":{"line":153,"column":42}},"type":"binary-expr","locations":[{"start":{"line":153,"column":8},"end":{"line":153,"column":29}},{"start":{"line":153,"column":29},"end":{"line":153,"column":42}}],"line":153},"8":{"loc":{"start":{"line":173,"column":4},"end":{"line":175,"column":null}},"type":"if","locations":[{"start":{"line":173,"column":4},"end":{"line":175,"column":null}},{"start":{},"end":{}}],"line":173},"9":{"loc":{"start":{"line":182,"column":25},"end":{"line":182,"column":59}},"type":"cond-expr","locations":[{"start":{"line":182,"column":46},"end":{"line":182,"column":56}},{"start":{"line":182,"column":56},"end":{"line":182,"column":59}}],"line":182},"10":{"loc":{"start":{"line":187,"column":6},"end":{"line":191,"column":null}},"type":"if","locations":[{"start":{"line":187,"column":6},"end":{"line":191,"column":null}},{"start":{"line":190,"column":13},"end":{"line":191,"column":null}}],"line":187},"11":{"loc":{"start":{"line":189,"column":21},"end":{"line":189,"column":55}},"type":"binary-expr","locations":[{"start":{"line":189,"column":21},"end":{"line":189,"column":35}},{"start":{"line":189,"column":35},"end":{"line":189,"column":55}}],"line":189},"12":{"loc":{"start":{"line":201,"column":4},"end":{"line":201,"column":null}},"type":"if","locations":[{"start":{"line":201,"column":4},"end":{"line":201,"column":null}},{"start":{},"end":{}}],"line":201},"13":{"loc":{"start":{"line":225,"column":47},"end":{"line":225,"column":null}},"type":"cond-expr","locations":[{"start":{"line":225,"column":55},"end":{"line":225,"column":91}},{"start":{"line":225,"column":91},"end":{"line":225,"column":null}}],"line":225},"14":{"loc":{"start":{"line":229,"column":12},"end":{"line":230,"column":null}},"type":"if","locations":[{"start":{"line":229,"column":12},"end":{"line":230,"column":null}},{"start":{},"end":{}}],"line":229},"15":{"loc":{"start":{"line":232,"column":12},"end":{"line":232,"column":null}},"type":"if","locations":[{"start":{"line":232,"column":12},"end":{"line":232,"column":null}},{"start":{},"end":{}}],"line":232},"16":{"loc":{"start":{"line":240,"column":13},"end":{"line":243,"column":null}},"type":"binary-expr","locations":[{"start":{"line":240,"column":13},"end":{"line":240,"column":null}},{"start":{"line":241,"column":14},"end":{"line":243,"column":null}}],"line":240},"17":{"loc":{"start":{"line":250,"column":13},"end":{"line":257,"column":null}},"type":"binary-expr","locations":[{"start":{"line":250,"column":13},"end":{"line":250,"column":27}},{"start":{"line":251,"column":14},"end":{"line":257,"column":null}}],"line":250},"18":{"loc":{"start":{"line":262,"column":24},"end":{"line":262,"column":53}},"type":"binary-expr","locations":[{"start":{"line":262,"column":24},"end":{"line":262,"column":38}},{"start":{"line":262,"column":38},"end":{"line":262,"column":53}}],"line":262},"19":{"loc":{"start":{"line":265,"column":15},"end":{"line":265,"column":null}},"type":"cond-expr","locations":[{"start":{"line":265,"column":28},"end":{"line":265,"column":40}},{"start":{"line":265,"column":40},"end":{"line":265,"column":null}}],"line":265},"20":{"loc":{"start":{"line":272,"column":7},"end":{"line":372,"column":null}},"type":"cond-expr","locations":[{"start":{"line":273,"column":8},"end":{"line":276,"column":19}},{"start":{"line":276,"column":10},"end":{"line":372,"column":null}}],"line":272},"21":{"loc":{"start":{"line":276,"column":10},"end":{"line":372,"column":null}},"type":"cond-expr","locations":[{"start":{"line":277,"column":8},"end":{"line":279,"column":9}},{"start":{"line":279,"column":8},"end":{"line":372,"column":null}}],"line":276},"22":{"loc":{"start":{"line":282,"column":15},"end":{"line":368,"column":null}},"type":"cond-expr","locations":[{"start":{"line":283,"column":16},"end":{"line":325,"column":null}},{"start":{"line":325,"column":16},"end":{"line":368,"column":null}}],"line":282},"23":{"loc":{"start":{"line":286,"column":87},"end":{"line":286,"column":null}},"type":"cond-expr","locations":[{"start":{"line":286,"column":99},"end":{"line":286,"column":135}},{"start":{"line":286,"column":135},"end":{"line":286,"column":null}}],"line":286},"24":{"loc":{"start":{"line":289,"column":22},"end":{"line":290,"column":null}},"type":"if","locations":[{"start":{"line":289,"column":22},"end":{"line":290,"column":null}},{"start":{},"end":{}}],"line":289},"25":{"loc":{"start":{"line":292,"column":22},"end":{"line":292,"column":null}},"type":"if","locations":[{"start":{"line":292,"column":22},"end":{"line":292,"column":null}},{"start":{},"end":{}}],"line":292},"26":{"loc":{"start":{"line":298,"column":21},"end":{"line":303,"column":21}},"type":"binary-expr","locations":[{"start":{"line":298,"column":21},"end":{"line":298,"column":null}},{"start":{"line":299,"column":22},"end":{"line":303,"column":21}}],"line":298},"27":{"loc":{"start":{"line":338,"column":25},"end":{"line":338,"column":null}},"type":"binary-expr","locations":[{"start":{"line":338,"column":25},"end":{"line":338,"column":46}},{"start":{"line":338,"column":46},"end":{"line":338,"column":null}}],"line":338},"28":{"loc":{"start":{"line":376,"column":7},"end":{"line":381,"column":null}},"type":"binary-expr","locations":[{"start":{"line":376,"column":7},"end":{"line":376,"column":null}},{"start":{"line":377,"column":8},"end":{"line":381,"column":null}}],"line":376}},"s":{"0":2,"1":122,"2":122,"3":122,"4":122,"5":122,"6":0,"7":122,"8":122,"9":5,"10":1408,"11":663,"12":663,"13":29,"14":634,"15":634,"16":705,"17":705,"18":705,"19":705,"20":705,"21":705,"22":705,"23":705,"24":705,"25":705,"26":705,"27":705,"28":705,"29":705,"30":27,"31":27,"32":27,"33":25,"34":1,"35":26,"36":705,"37":27,"38":705,"39":5,"40":5,"41":0,"42":0,"43":5,"44":5,"45":5,"46":5,"47":3,"48":2,"49":3,"50":2,"51":1,"52":1,"53":1,"54":5,"55":705,"56":1,"57":1,"58":705,"59":662,"60":1,"61":1,"62":705,"63":5,"64":5,"65":5,"66":705,"67":1,"68":1,"69":1,"70":705,"71":4,"72":4,"73":1,"74":1,"75":3,"76":3,"77":3,"78":1,"79":1,"80":2,"81":1,"82":1,"83":2,"84":1,"85":1,"86":1,"87":705,"88":5,"89":705,"90":2,"91":0,"92":2,"93":2,"94":2,"95":2,"96":1,"97":1,"98":2,"99":1,"100":705,"101":1,"102":705,"103":661,"104":561,"105":661,"106":0,"107":171,"108":38,"109":38,"110":38,"111":0,"112":4,"113":5,"114":5},"f":{"0":122,"1":122,"2":122,"3":5,"4":1408,"5":663,"6":705,"7":27,"8":27,"9":5,"10":2,"11":1,"12":662,"13":5,"14":1,"15":4,"16":1,"17":2,"18":5,"19":2,"20":1,"21":2,"22":1,"23":661,"24":171,"25":38,"26":4,"27":5,"28":5},"b":{"0":[122,0],"1":[0,0],"2":[29,634],"3":[0,5],"4":[1,1],"5":[1,0],"6":[1,661],"7":[662,1],"8":[1,3],"9":[1,1],"10":[1,1],"11":[1,0],"12":[0,2],"13":[4,700],"14":[561,100],"15":[0,661],"16":[705,4],"17":[705,568],"18":[705,699],"19":[5,699],"20":[27,677],"21":[590,87],"22":[49,122],"23":[3,46],"24":[38,0],"25":[0,38],"26":[49,3],"27":[122,85],"28":[705,5]},"meta":{"lastBranch":29,"lastFunction":29,"lastStatement":115,"seen":{"s:12:27:12:Infinity":0,"f:18:9:18:20":0,"s:19:15:19:32":1,"s:20:2:26:Infinity":2,"f:29:9:29:21":1,"s:30:16:30:40":3,"b:31:2:32:Infinity:undefined:undefined:undefined:undefined":0,"s:31:2:32:Infinity":4,"s:32:4:32:Infinity":5,"s:34:2:34:Infinity":6,"b:34:9:34:38:34:42:34:Infinity":1,"f:37:9:37:24":2,"s:38:17:47:Infinity":7,"s:48:2:48:Infinity":8,"f:59:9:59:23":3,"s:60:2:73:Infinity":9,"f:79:9:79:23":4,"s:80:2:85:Infinity":10,"f:80:2:80:18":5,"s:81:21:81:Infinity":11,"b:82:4:82:Infinity:undefined:undefined:undefined:undefined":2,"s:82:4:82:Infinity":12,"s:82:19:82:Infinity":13,"s:83:4:83:Infinity":14,"s:84:4:84:Infinity":15,"f:90:24:90:37":6,"s:91:19:91:57":16,"s:92:18:92:46":17,"s:93:18:93:44":18,"s:94:21:94:53":19,"s:95:16:95:57":20,"s:96:20:96:65":21,"s:97:19:97:46":22,"s:98:20:98:65":23,"s:99:26:99:77":24,"s:100:8:100:55":25,"s:101:8:101:59":26,"s:103:2:103:Infinity":27,"s:104:2:104:Infinity":28,"s:106:8:116:18":29,"f:106:36:106:48":7,"s:107:4:114:Infinity":30,"s:108:6:108:Infinity":31,"s:109:19:109:48":32,"s:110:6:110:Infinity":33,"s:112:6:112:Infinity":34,"s:114:6:114:Infinity":35,"s:118:2:120:Infinity":36,"f:118:2:118:18":8,"s:119:4:119:Infinity":37,"s:122:20:143:Infinity":38,"f:122:20:122:32":9,"s:123:20:123:34":39,"b:124:4:126:Infinity:undefined:undefined:undefined:undefined":3,"s:124:4:126:Infinity":40,"s:125:6:125:Infinity":41,"s:126:6:126:Infinity":42,"s:129:4:143:Infinity":43,"s:130:6:130:Infinity":44,"s:131:6:131:Infinity":45,"s:132:22:132:62":46,"s:133:6:133:Infinity":47,"f:133:6:133:19":10,"s:133:28:133:46":48,"s:134:6:134:Infinity":49,"b:136:6:140:Infinity:139:13:140:Infinity":4,"s:136:6:140:Infinity":50,"s:137:21:137:Infinity":51,"s:138:8:138:Infinity":52,"b:138:17:138:31:138:31:138:51":5,"s:140:8:140:Infinity":53,"s:143:6:143:Infinity":54,"s:147:8:149:Infinity":55,"f:147:8:147:32":11,"s:148:4:148:Infinity":56,"s:149:4:149:Infinity":57,"s:152:8:155:Infinity":58,"f:152:8:152:25":12,"b:153:4:155:Infinity:undefined:undefined:undefined:undefined":6,"s:153:4:155:Infinity":59,"b:153:8:153:29:153:29:153:42":7,"s:154:6:154:Infinity":60,"s:155:6:155:Infinity":61,"s:159:8:162:Infinity":62,"f:159:8:159:22":13,"s:160:4:160:Infinity":63,"s:161:4:161:Infinity":64,"s:162:4:162:Infinity":65,"s:165:8:168:Infinity":66,"f:165:8:165:33":14,"s:166:4:166:Infinity":67,"s:167:4:167:Infinity":68,"s:168:4:168:Infinity":69,"s:171:25:191:Infinity":70,"f:171:25:171:32":15,"s:172:20:172:35":71,"b:173:4:175:Infinity:undefined:undefined:undefined:undefined":8,"s:173:4:175:Infinity":72,"s:174:6:174:Infinity":73,"s:175:6:175:Infinity":74,"s:178:4:191:Infinity":75,"s:179:6:179:Infinity":76,"s:180:22:180:73":77,"s:181:6:183:Infinity":78,"f:181:6:181:19":16,"s:182:8:182:59":79,"f:182:13:182:18":17,"s:182:25:182:59":80,"b:182:46:182:56:182:56:182:59":9,"s:184:6:184:Infinity":81,"s:185:6:185:Infinity":82,"b:187:6:191:Infinity:190:13:191:Infinity":10,"s:187:6:191:Infinity":83,"s:188:21:188:Infinity":84,"s:189:8:189:Infinity":85,"b:189:21:189:35:189:35:189:55":11,"s:191:8:191:Infinity":86,"s:196:8:197:Infinity":87,"f:196:8:196:31":18,"s:197:4:197:Infinity":88,"s:200:30:209:Infinity":89,"f:200:30:200:42":19,"b:201:4:201:Infinity:undefined:undefined:undefined:undefined":12,"s:201:4:201:Infinity":90,"s:201:34:201:Infinity":91,"s:202:22:202:Infinity":92,"s:203:4:203:Infinity":93,"s:205:4:209:Infinity":94,"s:206:6:206:Infinity":95,"s:207:6:207:Infinity":96,"f:207:6:207:19":20,"s:207:28:207:66":97,"f:207:33:207:41":21,"s:207:47:207:66":98,"s:209:6:209:Infinity":99,"s:213:8:214:Infinity":100,"f:213:8:213:35":22,"s:214:4:214:Infinity":101,"s:217:2:381:Infinity":102,"b:225:55:225:91:225:91:225:Infinity":13,"f:228:10:228:21":23,"b:229:12:230:Infinity:undefined:undefined:undefined:undefined":14,"s:229:12:230:Infinity":103,"s:230:14:230:Infinity":104,"b:232:12:232:Infinity:undefined:undefined:undefined:undefined":15,"s:232:12:232:Infinity":105,"s:232:23:232:Infinity":106,"b:240:13:240:Infinity:241:14:243:Infinity":16,"b:250:13:250:27:251:14:257:Infinity":17,"b:262:24:262:38:262:38:262:53":18,"b:265:28:265:40:265:40:265:Infinity":19,"b:273:8:276:19:276:10:372:Infinity":20,"b:277:8:279:9:279:8:372:Infinity":21,"f:280:20:280:25":24,"s:281:12:370:Infinity":107,"b:283:16:325:Infinity:325:16:368:Infinity":22,"b:286:99:286:135:286:135:286:Infinity":23,"f:288:20:288:31":25,"b:289:22:290:Infinity:undefined:undefined:undefined:undefined":24,"s:289:22:290:Infinity":108,"s:290:24:290:Infinity":109,"b:292:22:292:Infinity:undefined:undefined:undefined:undefined":25,"s:292:22:292:Infinity":110,"s:292:37:292:Infinity":111,"b:298:21:298:Infinity:299:22:303:21":26,"f:310:22:310:37":26,"s:310:37:310:63":112,"b:338:25:338:46:338:46:338:Infinity":27,"f:345:22:345:37":27,"s:345:37:345:56":113,"f:357:22:357:37":28,"s:357:37:357:68":114,"b:376:7:376:Infinity:377:8:381:Infinity":28}}}
,"/Users/pdelebarre/dev/guitar-tutoma-ai/frontend/src/components/FilterBar.tsx": {"path":"/Users/pdelebarre/dev/guitar-tutoma-ai/frontend/src/components/FilterBar.tsx","statementMap":{"0":{"start":{"line":15,"column":47},"end":{"line":15,"column":null}},"1":{"start":{"line":25,"column":2},"end":{"line":72,"column":null}},"2":{"start":{"line":48,"column":27},"end":{"line":48,"column":57}},"3":{"start":{"line":55,"column":10},"end":{"line":64,"column":null}},"4":{"start":{"line":58,"column":27},"end":{"line":58,"column":53}}},"fnMap":{"0":{"name":"FilterBar","decl":{"start":{"line":17,"column":24},"end":{"line":17,"column":34}},"loc":{"start":{"line":24,"column":19},"end":{"line":72,"column":null}},"line":24},"1":{"name":"(anonymous_1)","decl":{"start":{"line":48,"column":10},"end":{"line":48,"column":21}},"loc":{"start":{"line":48,"column":27},"end":{"line":48,"column":57}},"line":48},"2":{"name":"(anonymous_2)","decl":{"start":{"line":54,"column":28},"end":{"line":54,"column":33}},"loc":{"start":{"line":55,"column":10},"end":{"line":64,"column":null}},"line":55},"3":{"name":"(anonymous_3)","decl":{"start":{"line":58,"column":12},"end":{"line":58,"column":27}},"loc":{"start":{"line":58,"column":27},"end":{"line":58,"column":53}},"line":58}},"branchMap":{"0":{"loc":{"start":{"line":57,"column":43},"end":{"line":57,"column":null}},"type":"cond-expr","locations":[{"start":{"line":57,"column":75},"end":{"line":57,"column":104}},{"start":{"line":57,"column":104},"end":{"line":57,"column":null}}],"line":57},"1":{"loc":{"start":{"line":63,"column":13},"end":{"line":63,"column":null}},"type":"cond-expr","locations":[{"start":{"line":63,"column":32},"end":{"line":63,"column":47}},{"start":{"line":63,"column":47},"end":{"line":63,"column":null}}],"line":63},"2":{"loc":{"start":{"line":69,"column":9},"end":{"line":71,"column":null}},"type":"cond-expr","locations":[{"start":{"line":70,"column":12},"end":{"line":70,"column":null}},{"start":{"line":71,"column":12},"end":{"line":71,"column":null}}],"line":69},"3":{"loc":{"start":{"line":70,"column":37},"end":{"line":70,"column":null}},"type":"cond-expr","locations":[{"start":{"line":70,"column":56},"end":{"line":70,"column":62}},{"start":{"line":70,"column":62},"end":{"line":70,"column":null}}],"line":70},"4":{"loc":{"start":{"line":71,"column":57},"end":{"line":71,"column":null}},"type":"cond-expr","locations":[{"start":{"line":71,"column":76},"end":{"line":71,"column":82}},{"start":{"line":71,"column":82},"end":{"line":71,"column":null}}],"line":71}},"s":{"0":4,"1":118,"2":4,"3":472,"4":1},"f":{"0":118,"1":4,"2":472,"3":1},"b":{"0":[118,354],"1":[118,354],"2":[117,1],"3":[103,14],"4":[1,0]},"meta":{"lastBranch":5,"lastFunction":4,"lastStatement":5,"seen":{"s:15:47:15:Infinity":0,"f:17:24:17:34":0,"s:25:2:72:Infinity":1,"f:48:10:48:21":1,"s:48:27:48:57":2,"f:54:28:54:33":2,"s:55:10:64:Infinity":3,"b:57:75:57:104:57:104:57:Infinity":0,"f:58:12:58:27":3,"s:58:27:58:53":4,"b:63:32:63:47:63:47:63:Infinity":1,"b:70:12:70:Infinity:71:12:71:Infinity":2,"b:70:56:70:62:70:62:70:Infinity":3,"b:71:76:71:82:71:82:71:Infinity":4}}}
,"/Users/pdelebarre/dev/guitar-tutoma-ai/frontend/src/components/PreferencePanel.tsx": {"path":"/Users/pdelebarre/dev/guitar-tutoma-ai/frontend/src/components/PreferencePanel.tsx","statementMap":{"0":{"start":{"line":6,"column":26},"end":{"line":6,"column":null}},"1":{"start":{"line":13,"column":26},"end":{"line":13,"column":68}},"2":{"start":{"line":14,"column":19},"end":{"line":14,"column":49}},"3":{"start":{"line":15,"column":18},"end":{"line":15,"column":46}},"4":{"start":{"line":16,"column":16},"end":{"line":16,"column":57}},"5":{"start":{"line":17,"column":17},"end":{"line":17,"column":45}},"6":{"start":{"line":18,"column":16},"end":{"line":18,"column":43}},"7":{"start":{"line":19,"column":8},"end":{"line":19,"column":75}},"8":{"start":{"line":20,"column":8},"end":{"line":20,"column":74}},"9":{"start":{"line":22,"column":2},"end":{"line":52,"column":null}},"10":{"start":{"line":23,"column":20},"end":{"line":23,"column":null}},"11":{"start":{"line":26,"column":6},"end":{"line":42,"column":null}},"12":{"start":{"line":27,"column":8},"end":{"line":27,"column":null}},"13":{"start":{"line":28,"column":8},"end":{"line":28,"column":null}},"14":{"start":{"line":29,"column":33},"end":{"line":29,"column":65}},"15":{"start":{"line":30,"column":8},"end":{"line":32,"column":null}},"16":{"start":{"line":31,"column":10},"end":{"line":31,"column":null}},"17":{"start":{"line":32,"column":10},"end":{"line":32,"column":null}},"18":{"start":{"line":35,"column":8},"end":{"line":38,"column":null}},"19":{"start":{"line":37,"column":10},"end":{"line":37,"column":null}},"20":{"start":{"line":38,"column":10},"end":{"line":38,"column":null}},"21":{"start":{"line":41,"column":8},"end":{"line":42,"column":null}},"22":{"start":{"line":42,"column":10},"end":{"line":42,"column":null}},"23":{"start":{"line":47,"column":4},"end":{"line":47,"column":null}},"24":{"start":{"line":49,"column":4},"end":{"line":50,"column":null}},"25":{"start":{"line":50,"column":6},"end":{"line":50,"column":null}},"26":{"start":{"line":54,"column":8},"end":{"line":85,"column":null}},"27":{"start":{"line":56,"column":6},"end":{"line":82,"column":null}},"28":{"start":{"line":57,"column":8},"end":{"line":57,"column":null}},"29":{"start":{"line":58,"column":8},"end":{"line":58,"column":null}},"30":{"start":{"line":60,"column":8},"end":{"line":61,"column":null}},"31":{"start":{"line":61,"column":10},"end":{"line":61,"column":null}},"32":{"start":{"line":63,"column":8},"end":{"line":64,"column":null}},"33":{"start":{"line":64,"column":10},"end":{"line":64,"column":null}},"34":{"start":{"line":67,"column":8},"end":{"line":70,"column":null}},"35":{"start":{"line":72,"column":8},"end":{"line":72,"column":null}},"36":{"start":{"line":73,"column":8},"end":{"line":75,"column":null}},"37":{"start":{"line":74,"column":10},"end":{"line":74,"column":null}},"38":{"start":{"line":77,"column":8},"end":{"line":79,"column":null}},"39":{"start":{"line":78,"column":10},"end":{"line":78,"column":null}},"40":{"start":{"line":81,"column":8},"end":{"line":81,"column":null}},"41":{"start":{"line":82,"column":8},"end":{"line":82,"column":null}},"42":{"start":{"line":89,"column":2},"end":{"line":98,"column":null}},"43":{"start":{"line":90,"column":4},"end":{"line":95,"column":null}},"44":{"start":{"line":91,"column":6},"end":{"line":92,"column":null}},"45":{"start":{"line":92,"column":8},"end":{"line":92,"column":null}},"46":{"start":{"line":94,"column":6},"end":{"line":95,"column":null}},"47":{"start":{"line":95,"column":8},"end":{"line":95,"column":null}},"48":{"start":{"line":101,"column":21},"end":{"line":101,"column":null}},"49":{"start":{"line":102,"column":4},"end":{"line":102,"column":null}},"50":{"start":{"line":103,"column":4},"end":{"line":103,"column":null}},"51":{"start":{"line":107,"column":24},"end":{"line":107,"column":null}},"52":{"start":{"line":108,"column":4},"end":{"line":108,"column":null}},"53":{"start":{"line":109,"column":4},"end":{"line":109,"column":null}},"54":{"start":{"line":112,"column":2},"end":{"line":118,"column":null}},"55":{"start":{"line":113,"column":4},"end":{"line":118,"column":null}},"56":{"start":{"line":123,"column":2},"end":{"line":187,"column":null}},"57":{"start":{"line":149,"column":14},"end":{"line":151,"column":null}}},"fnMap":{"0":{"name":"PreferencePanel","decl":{"start":{"line":12,"column":24},"end":{"line":12,"column":40}},"loc":{"start":{"line":12,"column":78},"end":{"line":187,"column":null}},"line":12},"1":{"name":"(anonymous_1)","decl":{"start":{"line":22,"column":2},"end":{"line":22,"column":18}},"loc":{"start":{"line":22,"column":18},"end":{"line":52,"column":6}},"line":22},"2":{"name":"fetchPreferences","decl":{"start":{"line":25,"column":19},"end":{"line":25,"column":38}},"loc":{"start":{"line":25,"column":38},"end":{"line":42,"column":null}},"line":25},"3":{"name":"(anonymous_3)","decl":{"start":{"line":49,"column":4},"end":{"line":49,"column":17}},"loc":{"start":{"line":49,"column":17},"end":{"line":50,"column":null}},"line":49},"4":{"name":"(anonymous_4)","decl":{"start":{"line":55,"column":4},"end":{"line":55,"column":11}},"loc":{"start":{"line":55,"column":59},"end":{"line":85,"column":5}},"line":55},"5":{"name":"(anonymous_5)","decl":{"start":{"line":73,"column":32},"end":{"line":73,"column":49}},"loc":{"start":{"line":73,"column":49},"end":{"line":75,"column":16}},"line":73},"6":{"name":"(anonymous_6)","decl":{"start":{"line":77,"column":33},"end":{"line":77,"column":50}},"loc":{"start":{"line":77,"column":50},"end":{"line":79,"column":15}},"line":77},"7":{"name":"(anonymous_7)","decl":{"start":{"line":89,"column":2},"end":{"line":89,"column":18}},"loc":{"start":{"line":89,"column":18},"end":{"line":98,"column":7}},"line":89},"8":{"name":"(anonymous_8)","decl":{"start":{"line":90,"column":4},"end":{"line":90,"column":17}},"loc":{"start":{"line":90,"column":17},"end":{"line":95,"column":null}},"line":90},"9":{"name":"handleDifficultyChange","decl":{"start":{"line":100,"column":11},"end":{"line":100,"column":34}},"loc":{"start":{"line":100,"column":75},"end":{"line":103,"column":null}},"line":100},"10":{"name":"handleFavoriteChange","decl":{"start":{"line":106,"column":11},"end":{"line":106,"column":34}},"loc":{"start":{"line":106,"column":34},"end":{"line":109,"column":null}},"line":106},"11":{"name":"(anonymous_11)","decl":{"start":{"line":148,"column":31},"end":{"line":148,"column":36}},"loc":{"start":{"line":149,"column":14},"end":{"line":151,"column":null}},"line":149}},"branchMap":{"0":{"loc":{"start":{"line":30,"column":8},"end":{"line":32,"column":null}},"type":"if","locations":[{"start":{"line":30,"column":8},"end":{"line":32,"column":null}},{"start":{},"end":{}}],"line":30},"1":{"loc":{"start":{"line":31,"column":29},"end":{"line":31,"column":56}},"type":"binary-expr","locations":[{"start":{"line":31,"column":29},"end":{"line":31,"column":53}},{"start":{"line":31,"column":53},"end":{"line":31,"column":56}}],"line":31},"2":{"loc":{"start":{"line":35,"column":8},"end":{"line":38,"column":null}},"type":"if","locations":[{"start":{"line":35,"column":8},"end":{"line":38,"column":null}},{"start":{},"end":{}}],"line":35},"3":{"loc":{"start":{"line":41,"column":8},"end":{"line":42,"column":null}},"type":"if","locations":[{"start":{"line":41,"column":8},"end":{"line":42,"column":null}},{"start":{},"end":{}}],"line":41},"4":{"loc":{"start":{"line":60,"column":8},"end":{"line":61,"column":null}},"type":"if","locations":[{"start":{"line":60,"column":8},"end":{"line":61,"column":null}},{"start":{},"end":{}}],"line":60},"5":{"loc":{"start":{"line":63,"column":8},"end":{"line":64,"column":null}},"type":"if","locations":[{"start":{"line":63,"column":8},"end":{"line":64,"column":null}},{"start":{},"end":{}}],"line":63},"6":{"loc":{"start":{"line":91,"column":6},"end":{"line":92,"column":null}},"type":"if","locations":[{"start":{"line":91,"column":6},"end":{"line":92,"column":null}},{"start":{},"end":{}}],"line":91},"7":{"loc":{"start":{"line":94,"column":6},"end":{"line":95,"column":null}},"type":"if","locations":[{"start":{"line":94,"column":6},"end":{"line":95,"column":null}},{"start":{},"end":{}}],"line":94},"8":{"loc":{"start":{"line":112,"column":2},"end":{"line":118,"column":null}},"type":"if","locations":[{"start":{"line":112,"column":2},"end":{"line":118,"column":null}},{"start":{},"end":{}}],"line":112},"9":{"loc":{"start":{"line":127,"column":7},"end":{"line":130,"column":null}},"type":"binary-expr","locations":[{"start":{"line":127,"column":7},"end":{"line":127,"column":null}},{"start":{"line":128,"column":8},"end":{"line":130,"column":null}}],"line":127},"10":{"loc":{"start":{"line":157,"column":55},"end":{"line":157,"column":null}},"type":"cond-expr","locations":[{"start":{"line":157,"column":66},"end":{"line":157,"column":109}},{"start":{"line":157,"column":109},"end":{"line":157,"column":null}}],"line":157},"11":{"loc":{"start":{"line":160,"column":22},"end":{"line":160,"column":null}},"type":"cond-expr","locations":[{"start":{"line":160,"column":33},"end":{"line":160,"column":59}},{"start":{"line":160,"column":59},"end":{"line":160,"column":null}}],"line":160},"12":{"loc":{"start":{"line":167,"column":18},"end":{"line":167,"column":null}},"type":"cond-expr","locations":[{"start":{"line":167,"column":29},"end":{"line":167,"column":46}},{"start":{"line":167,"column":46},"end":{"line":167,"column":null}}],"line":167},"13":{"loc":{"start":{"line":176,"column":17},"end":{"line":176,"column":60}},"type":"cond-expr","locations":[{"start":{"line":176,"column":28},"end":{"line":176,"column":42}},{"start":{"line":176,"column":42},"end":{"line":176,"column":60}}],"line":176},"14":{"loc":{"start":{"line":180,"column":49},"end":{"line":180,"column":98}},"type":"cond-expr","locations":[{"start":{"line":180,"column":58},"end":{"line":180,"column":95}},{"start":{"line":180,"column":95},"end":{"line":180,"column":98}}],"line":180},"15":{"loc":{"start":{"line":180,"column":101},"end":{"line":180,"column":null}},"type":"cond-expr","locations":[{"start":{"line":180,"column":109},"end":{"line":180,"column":145}},{"start":{"line":180,"column":145},"end":{"line":180,"column":null}}],"line":180},"16":{"loc":{"start":{"line":184,"column":11},"end":{"line":187,"column":20}},"type":"binary-expr","locations":[{"start":{"line":184,"column":11},"end":{"line":184,"column":null}},{"start":{"line":185,"column":12},"end":{"line":187,"column":20}}],"line":184},"17":{"loc":{"start":{"line":187,"column":11},"end":{"line":187,"column":null}},"type":"cond-expr","locations":[{"start":{"line":187,"column":20},"end":{"line":187,"column":32}},{"start":{"line":187,"column":32},"end":{"line":187,"column":null}}],"line":187},"18":{"loc":{"start":{"line":187,"column":32},"end":{"line":187,"column":null}},"type":"cond-expr","locations":[{"start":{"line":187,"column":40},"end":{"line":187,"column":50}},{"start":{"line":187,"column":50},"end":{"line":187,"column":null}}],"line":187}},"s":{"0":2,"1":42,"2":42,"3":42,"4":42,"5":42,"6":42,"7":42,"8":42,"9":42,"10":14,"11":14,"12":14,"13":14,"14":14,"15":12,"16":12,"17":12,"18":1,"19":1,"20":1,"21":13,"22":13,"23":14,"24":14,"25":14,"26":42,"27":5,"28":5,"29":5,"30":5,"31":0,"32":5,"33":0,"34":5,"35":4,"36":4,"37":0,"38":4,"39":1,"40":1,"41":1,"42":42,"43":14,"44":14,"45":3,"46":14,"47":3,"48":1,"49":1,"50":1,"51":4,"52":4,"53":4,"54":42,"55":14,"56":27,"57":81},"f":{"0":42,"1":14,"2":14,"3":14,"4":5,"5":0,"6":1,"7":14,"8":14,"9":1,"10":4,"11":81},"b":{"0":[12,0],"1":[12,0],"2":[1,0],"3":[13,0],"4":[0,5],"5":[0,5],"6":[3,11],"7":[3,11],"8":[14,28],"9":[27,1],"10":[17,10],"11":[17,10],"12":[17,10],"13":[17,10],"14":[8,19],"15":[4,23],"16":[42,8],"17":[8,19],"18":[1,18]},"meta":{"lastBranch":19,"lastFunction":12,"lastStatement":58,"seen":{"s:6:26:6:Infinity":0,"f:12:24:12:40":0,"s:13:26:13:68":1,"s:14:19:14:49":2,"s:15:18:15:46":3,"s:16:16:16:57":4,"s:17:17:17:45":5,"s:18:16:18:43":6,"s:19:8:19:75":7,"s:20:8:20:74":8,"s:22:2:52:Infinity":9,"f:22:2:22:18":1,"s:23:20:23:Infinity":10,"f:25:19:25:38":2,"s:26:6:42:Infinity":11,"s:27:8:27:Infinity":12,"s:28:8:28:Infinity":13,"s:29:33:29:65":14,"b:30:8:32:Infinity:undefined:undefined:undefined:undefined":0,"s:30:8:32:Infinity":15,"s:31:10:31:Infinity":16,"b:31:29:31:53:31:53:31:56":1,"s:32:10:32:Infinity":17,"b:35:8:38:Infinity:undefined:undefined:undefined:undefined":2,"s:35:8:38:Infinity":18,"s:37:10:37:Infinity":19,"s:38:10:38:Infinity":20,"b:41:8:42:Infinity:undefined:undefined:undefined:undefined":3,"s:41:8:42:Infinity":21,"s:42:10:42:Infinity":22,"s:47:4:47:Infinity":23,"s:49:4:50:Infinity":24,"f:49:4:49:17":3,"s:50:6:50:Infinity":25,"s:54:8:85:Infinity":26,"f:55:4:55:11":4,"s:56:6:82:Infinity":27,"s:57:8:57:Infinity":28,"s:58:8:58:Infinity":29,"b:60:8:61:Infinity:undefined:undefined:undefined:undefined":4,"s:60:8:61:Infinity":30,"s:61:10:61:Infinity":31,"b:63:8:64:Infinity:undefined:undefined:undefined:undefined":5,"s:63:8:64:Infinity":32,"s:64:10:64:Infinity":33,"s:67:8:70:Infinity":34,"s:72:8:72:Infinity":35,"s:73:8:75:Infinity":36,"f:73:32:73:49":5,"s:74:10:74:Infinity":37,"s:77:8:79:Infinity":38,"f:77:33:77:50":6,"s:78:10:78:Infinity":39,"s:81:8:81:Infinity":40,"s:82:8:82:Infinity":41,"s:89:2:98:Infinity":42,"f:89:2:89:18":7,"s:90:4:95:Infinity":43,"f:90:4:90:17":8,"b:91:6:92:Infinity:undefined:undefined:undefined:undefined":6,"s:91:6:92:Infinity":44,"s:92:8:92:Infinity":45,"b:94:6:95:Infinity:undefined:undefined:undefined:undefined":7,"s:94:6:95:Infinity":46,"s:95:8:95:Infinity":47,"f:100:11:100:34":9,"s:101:21:101:Infinity":48,"s:102:4:102:Infinity":49,"s:103:4:103:Infinity":50,"f:106:11:106:34":10,"s:107:24:107:Infinity":51,"s:108:4:108:Infinity":52,"s:109:4:109:Infinity":53,"b:112:2:118:Infinity:undefined:undefined:undefined:undefined":8,"s:112:2:118:Infinity":54,"s:113:4:118:Infinity":55,"s:123:2:187:Infinity":56,"b:127:7:127:Infinity:128:8:130:Infinity":9,"f:148:31:148:36":11,"s:149:14:151:Infinity":57,"b:157:66:157:109:157:109:157:Infinity":10,"b:160:33:160:59:160:59:160:Infinity":11,"b:167:29:167:46:167:46:167:Infinity":12,"b:176:28:176:42:176:42:176:60":13,"b:180:58:180:95:180:95:180:98":14,"b:180:109:180:145:180:145:180:Infinity":15,"b:184:11:184:Infinity:185:12:187:20":16,"b:187:20:187:32:187:32:187:Infinity":17,"b:187:40:187:50:187:50:187:Infinity":18}}}
,"/Users/pdelebarre/dev/guitar-tutoma-ai/frontend/src/components/VideoPlayer.tsx": {"path":"/Users/pdelebarre/dev/guitar-tutoma-ai/frontend/src/components/VideoPlayer.tsx","statementMap":{"0":{"start":{"line":10,"column":2},"end":{"line":29,"column":null}}},"fnMap":{"0":{"name":"VideoPlayer","decl":{"start":{"line":9,"column":24},"end":{"line":9,"column":36}},"loc":{"start":{"line":9,"column":83},"end":{"line":29,"column":null}},"line":9}},"branchMap":{"0":{"loc":{"start":{"line":14,"column":9},"end":{"line":21,"column":null}},"type":"binary-expr","locations":[{"start":{"line":14,"column":9},"end":{"line":14,"column":null}},{"start":{"line":15,"column":10},"end":{"line":21,"column":null}}],"line":14}},"s":{"0":6},"f":{"0":6},"b":{"0":[6,1]},"meta":{"lastBranch":1,"lastFunction":1,"lastStatement":1,"seen":{"f:9:24:9:36":0,"s:10:2:29:Infinity":0,"b:14:9:14:Infinity:15:10:21:Infinity":0}}}
,"/Users/pdelebarre/dev/guitar-tutoma-ai/frontend/src/context/ThemeContext.tsx": {"path":"/Users/pdelebarre/dev/guitar-tutoma-ai/frontend/src/context/ThemeContext.tsx","statementMap":{"0":{"start":{"line":10,"column":6},"end":{"line":10,"column":76}},"1":{"start":{"line":12,"column":20},"end":{"line":12,"column":null}},"2":{"start":{"line":16,"column":2},"end":{"line":21,"column":null}},"3":{"start":{"line":17,"column":19},"end":{"line":17,"column":52}},"4":{"start":{"line":18,"column":4},"end":{"line":19,"column":null}},"5":{"start":{"line":19,"column":6},"end":{"line":19,"column":null}},"6":{"start":{"line":26,"column":2},"end":{"line":27,"column":null}},"7":{"start":{"line":27,"column":4},"end":{"line":27,"column":null}},"8":{"start":{"line":30,"column":2},"end":{"line":30,"column":null}},"9":{"start":{"line":34,"column":16},"end":{"line":34,"column":60}},"10":{"start":{"line":37,"column":2},"end":{"line":44,"column":null}},"11":{"start":{"line":38,"column":4},"end":{"line":38,"column":null}},"12":{"start":{"line":39,"column":4},"end":{"line":41,"column":null}},"13":{"start":{"line":40,"column":6},"end":{"line":40,"column":null}},"14":{"start":{"line":46,"column":8},"end":{"line":48,"column":8}},"15":{"start":{"line":47,"column":4},"end":{"line":47,"column":null}},"16":{"start":{"line":47,"column":24},"end":{"line":47,"column":61}},"17":{"start":{"line":50,"column":2},"end":{"line":53,"column":null}},"18":{"start":{"line":58,"column":8},"end":{"line":58,"column":42}},"19":{"start":{"line":59,"column":2},"end":{"line":60,"column":null}},"20":{"start":{"line":60,"column":4},"end":{"line":60,"column":null}},"21":{"start":{"line":62,"column":2},"end":{"line":62,"column":null}}},"fnMap":{"0":{"name":"getInitialTheme","decl":{"start":{"line":14,"column":9},"end":{"line":14,"column":34}},"loc":{"start":{"line":14,"column":34},"end":{"line":30,"column":null}},"line":14},"1":{"name":"ThemeProvider","decl":{"start":{"line":33,"column":16},"end":{"line":33,"column":30}},"loc":{"start":{"line":33,"column":75},"end":{"line":53,"column":null}},"line":33},"2":{"name":"(anonymous_2)","decl":{"start":{"line":37,"column":2},"end":{"line":37,"column":18}},"loc":{"start":{"line":37,"column":18},"end":{"line":44,"column":6}},"line":37},"3":{"name":"(anonymous_3)","decl":{"start":{"line":46,"column":22},"end":{"line":46,"column":40}},"loc":{"start":{"line":46,"column":40},"end":{"line":48,"column":7}},"line":46},"4":{"name":"(anonymous_4)","decl":{"start":{"line":47,"column":4},"end":{"line":47,"column":14}},"loc":{"start":{"line":47,"column":24},"end":{"line":47,"column":61}},"line":47},"5":{"name":"useTheme","decl":{"start":{"line":57,"column":16},"end":{"line":57,"column":46}},"loc":{"start":{"line":57,"column":46},"end":{"line":62,"column":null}},"line":57}},"branchMap":{"0":{"loc":{"start":{"line":18,"column":4},"end":{"line":19,"column":null}},"type":"if","locations":[{"start":{"line":18,"column":4},"end":{"line":19,"column":null}},{"start":{},"end":{}}],"line":18},"1":{"loc":{"start":{"line":18,"column":8},"end":{"line":18,"column":49}},"type":"binary-expr","locations":[{"start":{"line":18,"column":8},"end":{"line":18,"column":30}},{"start":{"line":18,"column":30},"end":{"line":18,"column":49}}],"line":18},"2":{"loc":{"start":{"line":26,"column":2},"end":{"line":27,"column":null}},"type":"if","locations":[{"start":{"line":26,"column":2},"end":{"line":27,"column":null}},{"start":{},"end":{}}],"line":26},"3":{"loc":{"start":{"line":26,"column":6},"end":{"line":26,"column":58}},"type":"binary-expr","locations":[{"start":{"line":26,"column":6},"end":{"line":26,"column":39}},{"start":{"line":26,"column":39},"end":{"line":26,"column":58}}],"line":26},"4":{"loc":{"start":{"line":27,"column":11},"end":{"line":27,"column":null}},"type":"cond-expr","locations":[{"start":{"line":27,"column":71},"end":{"line":27,"column":80}},{"start":{"line":27,"column":80},"end":{"line":27,"column":null}}],"line":27},"5":{"loc":{"start":{"line":47,"column":24},"end":{"line":47,"column":61}},"type":"cond-expr","locations":[{"start":{"line":47,"column":43},"end":{"line":47,"column":52}},{"start":{"line":47,"column":52},"end":{"line":47,"column":61}}],"line":47},"6":{"loc":{"start":{"line":59,"column":2},"end":{"line":60,"column":null}},"type":"if","locations":[{"start":{"line":59,"column":2},"end":{"line":60,"column":null}},{"start":{},"end":{}}],"line":59}},"s":{"0":2,"1":2,"2":14,"3":14,"4":14,"5":1,"6":13,"7":1,"8":12,"9":19,"10":19,"11":18,"12":18,"13":18,"14":19,"15":4,"16":4,"17":19,"18":24,"19":24,"20":4,"21":18},"f":{"0":14,"1":19,"2":18,"3":4,"4":4,"5":24},"b":{"0":[1,13],"1":[14,14],"2":[1,12],"3":[13,13],"4":[1,0],"5":[3,1],"6":[4,20]},"meta":{"lastBranch":7,"lastFunction":6,"lastStatement":22,"seen":{"s:10:6:10:76":0,"s:12:20:12:Infinity":1,"f:14:9:14:34":0,"s:16:2:21:Infinity":2,"s:17:19:17:52":3,"b:18:4:19:Infinity:undefined:undefined:undefined:undefined":0,"s:18:4:19:Infinity":4,"b:18:8:18:30:18:30:18:49":1,"s:19:6:19:Infinity":5,"b:26:2:27:Infinity:undefined:undefined:undefined:undefined":2,"s:26:2:27:Infinity":6,"b:26:6:26:39:26:39:26:58":3,"s:27:4:27:Infinity":7,"b:27:71:27:80:27:80:27:Infinity":4,"s:30:2:30:Infinity":8,"f:33:16:33:30":1,"s:34:16:34:60":9,"s:37:2:44:Infinity":10,"f:37:2:37:18":2,"s:38:4:38:Infinity":11,"s:39:4:41:Infinity":12,"s:40:6:40:Infinity":13,"s:46:8:48:8":14,"f:46:22:46:40":3,"s:47:4:47:Infinity":15,"f:47:4:47:14":4,"s:47:24:47:61":16,"b:47:43:47:52:47:52:47:61":5,"s:50:2:53:Infinity":17,"f:57:16:57:46":5,"s:58:8:58:42":18,"b:59:2:60:Infinity:undefined:undefined:undefined:undefined":6,"s:59:2:60:Infinity":19,"s:60:4:60:Infinity":20,"s:62:2:62:Infinity":21}}}
,"/Users/pdelebarre/dev/guitar-tutoma-ai/frontend/src/pages/PlaylistManager.tsx": {"path":"/Users/pdelebarre/dev/guitar-tutoma-ai/frontend/src/pages/PlaylistManager.tsx","statementMap":{"0":{"start":{"line":20,"column":2},"end":{"line":25,"column":null}},"1":{"start":{"line":23,"column":8},"end":{"line":23,"column":null}},"2":{"start":{"line":39,"column":18},"end":{"line":39,"column":44}},"3":{"start":{"line":40,"column":19},"end":{"line":40,"column":49}},"4":{"start":{"line":41,"column":26},"end":{"line":41,"column":77}},"5":{"start":{"line":43,"column":23},"end":{"line":58,"column":null}},"6":{"start":{"line":44,"column":20},"end":{"line":44,"column":34}},"7":{"start":{"line":45,"column":4},"end":{"line":47,"column":null}},"8":{"start":{"line":46,"column":6},"end":{"line":46,"column":null}},"9":{"start":{"line":47,"column":6},"end":{"line":47,"column":null}},"10":{"start":{"line":50,"column":4},"end":{"line":50,"column":null}},"11":{"start":{"line":51,"column":4},"end":{"line":51,"column":null}},"12":{"start":{"line":52,"column":21},"end":{"line":52,"column":44}},"13":{"start":{"line":53,"column":4},"end":{"line":56,"column":null}},"14":{"start":{"line":54,"column":6},"end":{"line":54,"column":null}},"15":{"start":{"line":56,"column":6},"end":{"line":56,"column":null}},"16":{"start":{"line":58,"column":4},"end":{"line":58,"column":null}},"17":{"start":{"line":61,"column":8},"end":{"line":63,"column":null}},"18":{"start":{"line":62,"column":4},"end":{"line":63,"column":null}},"19":{"start":{"line":63,"column":6},"end":{"line":63,"column":null}},"20":{"start":{"line":67,"column":2},"end":{"line":135,"column":null}},"21":{"start":{"line":77,"column":14},"end":{"line":77,"column":null}},"22":{"start":{"line":78,"column":14},"end":{"line":78,"column":null}},"23":{"start":{"line":78,"column":35},"end":{"line":78,"column":null}},"24":{"start":{"line":104,"column":12},"end":{"line":131,"column":null}},"25":{"start":{"line":118,"column":33},"end":{"line":118,"column":46}},"26":{"start":{"line":125,"column":33},"end":{"line":125,"column":48}},"27":{"start":{"line":160,"column":18},"end":{"line":160,"column":47}},"28":{"start":{"line":161,"column":19},"end":{"line":161,"column":57}},"29":{"start":{"line":162,"column":20},"end":{"line":162,"column":65}},"30":{"start":{"line":163,"column":29},"end":{"line":163,"column":66}},"31":{"start":{"line":164,"column":20},"end":{"line":164,"column":65}},"32":{"start":{"line":165,"column":24},"end":{"line":165,"column":73}},"33":{"start":{"line":168,"column":29},"end":{"line":169,"column":null}},"34":{"start":{"line":169,"column":11},"end":{"line":169,"column":67}},"35":{"start":{"line":169,"column":44},"end":{"line":169,"column":67}},"36":{"start":{"line":172,"column":25},"end":{"line":183,"column":null}},"37":{"start":{"line":173,"column":20},"end":{"line":173,"column":35}},"38":{"start":{"line":174,"column":4},"end":{"line":176,"column":null}},"39":{"start":{"line":175,"column":6},"end":{"line":175,"column":null}},"40":{"start":{"line":176,"column":6},"end":{"line":176,"column":null}},"41":{"start":{"line":178,"column":4},"end":{"line":178,"column":null}},"42":{"start":{"line":179,"column":21},"end":{"line":179,"column":48}},"43":{"start":{"line":180,"column":4},"end":{"line":183,"column":null}},"44":{"start":{"line":181,"column":6},"end":{"line":181,"column":null}},"45":{"start":{"line":183,"column":6},"end":{"line":183,"column":null}},"46":{"start":{"line":187,"column":8},"end":{"line":190,"column":null}},"47":{"start":{"line":188,"column":4},"end":{"line":188,"column":null}},"48":{"start":{"line":189,"column":4},"end":{"line":189,"column":null}},"49":{"start":{"line":190,"column":4},"end":{"line":190,"column":null}},"50":{"start":{"line":193,"column":8},"end":{"line":197,"column":null}},"51":{"start":{"line":194,"column":4},"end":{"line":197,"column":null}},"52":{"start":{"line":195,"column":6},"end":{"line":195,"column":null}},"53":{"start":{"line":196,"column":15},"end":{"line":197,"column":null}},"54":{"start":{"line":197,"column":6},"end":{"line":197,"column":null}},"55":{"start":{"line":201,"column":28},"end":{"line":204,"column":null}},"56":{"start":{"line":202,"column":4},"end":{"line":202,"column":null}},"57":{"start":{"line":202,"column":29},"end":{"line":202,"column":null}},"58":{"start":{"line":203,"column":4},"end":{"line":203,"column":null}},"59":{"start":{"line":204,"column":4},"end":{"line":204,"column":null}},"60":{"start":{"line":209,"column":8},"end":{"line":210,"column":null}},"61":{"start":{"line":210,"column":4},"end":{"line":210,"column":null}},"62":{"start":{"line":213,"column":8},"end":{"line":215,"column":null}},"63":{"start":{"line":214,"column":4},"end":{"line":214,"column":null}},"64":{"start":{"line":215,"column":4},"end":{"line":215,"column":null}},"65":{"start":{"line":218,"column":8},"end":{"line":219,"column":null}},"66":{"start":{"line":219,"column":4},"end":{"line":219,"column":null}},"67":{"start":{"line":222,"column":21},"end":{"line":239,"column":null}},"68":{"start":{"line":223,"column":4},"end":{"line":226,"column":null}},"69":{"start":{"line":224,"column":6},"end":{"line":224,"column":null}},"70":{"start":{"line":225,"column":6},"end":{"line":225,"column":null}},"71":{"start":{"line":226,"column":6},"end":{"line":226,"column":null}},"72":{"start":{"line":229,"column":22},"end":{"line":229,"column":45}},"73":{"start":{"line":230,"column":20},"end":{"line":230,"column":50}},"74":{"start":{"line":231,"column":4},"end":{"line":231,"column":null}},"75":{"start":{"line":234,"column":20},"end":{"line":234,"column":75}},"76":{"start":{"line":234,"column":45},"end":{"line":234,"column":75}},"77":{"start":{"line":236,"column":4},"end":{"line":236,"column":null}},"78":{"start":{"line":237,"column":4},"end":{"line":237,"column":null}},"79":{"start":{"line":239,"column":4},"end":{"line":239,"column":null}},"80":{"start":{"line":242,"column":8},"end":{"line":244,"column":null}},"81":{"start":{"line":243,"column":4},"end":{"line":243,"column":null}},"82":{"start":{"line":244,"column":4},"end":{"line":244,"column":null}},"83":{"start":{"line":247,"column":2},"end":{"line":405,"column":null}},"84":{"start":{"line":269,"column":16},"end":{"line":269,"column":null}},"85":{"start":{"line":270,"column":16},"end":{"line":270,"column":null}},"86":{"start":{"line":270,"column":31},"end":{"line":270,"column":null}},"87":{"start":{"line":297,"column":16},"end":{"line":297,"column":null}},"88":{"start":{"line":298,"column":16},"end":{"line":298,"column":null}},"89":{"start":{"line":324,"column":27},"end":{"line":324,"column":64}},"90":{"start":{"line":329,"column":12},"end":{"line":331,"column":null}},"91":{"start":{"line":356,"column":12},"end":{"line":401,"column":null}},"92":{"start":{"line":363,"column":33},"end":{"line":363,"column":55}},"93":{"start":{"line":364,"column":33},"end":{"line":364,"column":57}},"94":{"start":{"line":366,"column":28},"end":{"line":366,"column":45}},"95":{"start":{"line":391,"column":31},"end":{"line":391,"column":62}},"96":{"start":{"line":418,"column":2},"end":{"line":431,"column":null}},"97":{"start":{"line":438,"column":20},"end":{"line":438,"column":60}},"98":{"start":{"line":439,"column":18},"end":{"line":439,"column":46}},"99":{"start":{"line":440,"column":16},"end":{"line":440,"column":57}},"100":{"start":{"line":441,"column":26},"end":{"line":441,"column":77}},"101":{"start":{"line":444,"column":27},"end":{"line":444,"column":81}},"102":{"start":{"line":445,"column":23},"end":{"line":445,"column":66}},"103":{"start":{"line":447,"column":8},"end":{"line":458,"column":8}},"104":{"start":{"line":448,"column":4},"end":{"line":456,"column":null}},"105":{"start":{"line":449,"column":6},"end":{"line":449,"column":null}},"106":{"start":{"line":450,"column":6},"end":{"line":450,"column":null}},"107":{"start":{"line":451,"column":19},"end":{"line":451,"column":39}},"108":{"start":{"line":452,"column":6},"end":{"line":452,"column":null}},"109":{"start":{"line":454,"column":6},"end":{"line":454,"column":null}},"110":{"start":{"line":456,"column":6},"end":{"line":456,"column":null}},"111":{"start":{"line":460,"column":2},"end":{"line":462,"column":null}},"112":{"start":{"line":461,"column":4},"end":{"line":461,"column":null}},"113":{"start":{"line":466,"column":23},"end":{"line":476,"column":null}},"114":{"start":{"line":467,"column":4},"end":{"line":476,"column":null}},"115":{"start":{"line":468,"column":22},"end":{"line":468,"column":48}},"116":{"start":{"line":469,"column":6},"end":{"line":469,"column":null}},"117":{"start":{"line":469,"column":29},"end":{"line":469,"column":47}},"118":{"start":{"line":470,"column":6},"end":{"line":470,"column":null}},"119":{"start":{"line":472,"column":6},"end":{"line":474,"column":null}},"120":{"start":{"line":473,"column":21},"end":{"line":473,"column":null}},"121":{"start":{"line":474,"column":8},"end":{"line":474,"column":null}},"122":{"start":{"line":476,"column":6},"end":{"line":476,"column":null}},"123":{"start":{"line":480,"column":8},"end":{"line":481,"column":null}},"124":{"start":{"line":481,"column":4},"end":{"line":481,"column":null}},"125":{"start":{"line":484,"column":30},"end":{"line":492,"column":null}},"126":{"start":{"line":485,"column":4},"end":{"line":485,"column":null}},"127":{"start":{"line":485,"column":34},"end":{"line":485,"column":null}},"128":{"start":{"line":486,"column":15},"end":{"line":486,"column":null}},"129":{"start":{"line":487,"column":4},"end":{"line":487,"column":null}},"130":{"start":{"line":488,"column":4},"end":{"line":492,"column":null}},"131":{"start":{"line":489,"column":6},"end":{"line":489,"column":null}},"132":{"start":{"line":490,"column":6},"end":{"line":490,"column":null}},"133":{"start":{"line":490,"column":29},"end":{"line":490,"column":60}},"134":{"start":{"line":490,"column":48},"end":{"line":490,"column":60}},"135":{"start":{"line":492,"column":6},"end":{"line":492,"column":null}},"136":{"start":{"line":496,"column":8},"end":{"line":497,"column":null}},"137":{"start":{"line":497,"column":4},"end":{"line":497,"column":null}},"138":{"start":{"line":500,"column":21},"end":{"line":510,"column":null}},"139":{"start":{"line":501,"column":4},"end":{"line":510,"column":null}},"140":{"start":{"line":502,"column":6},"end":{"line":502,"column":null}},"141":{"start":{"line":503,"column":36},"end":{"line":506,"column":8}},"142":{"start":{"line":507,"column":6},"end":{"line":507,"column":null}},"143":{"start":{"line":508,"column":6},"end":{"line":508,"column":null}},"144":{"start":{"line":510,"column":6},"end":{"line":510,"column":null}},"145":{"start":{"line":516,"column":8},"end":{"line":519,"column":null}},"146":{"start":{"line":517,"column":4},"end":{"line":517,"column":null}},"147":{"start":{"line":519,"column":4},"end":{"line":519,"column":null}},"148":{"start":{"line":522,"column":27},"end":{"line":535,"column":null}},"149":{"start":{"line":523,"column":4},"end":{"line":523,"column":null}},"150":{"start":{"line":523,"column":27},"end":{"line":523,"column":null}},"151":{"start":{"line":524,"column":4},"end":{"line":535,"column":null}},"152":{"start":{"line":525,"column":22},"end":{"line":525,"column":73}},"153":{"start":{"line":526,"column":6},"end":{"line":528,"column":null}},"154":{"start":{"line":527,"column":8},"end":{"line":527,"column":null}},"155":{"start":{"line":529,"column":6},"end":{"line":529,"column":null}},"156":{"start":{"line":531,"column":6},"end":{"line":533,"column":null}},"157":{"start":{"line":532,"column":21},"end":{"line":532,"column":null}},"158":{"start":{"line":533,"column":8},"end":{"line":533,"column":null}},"159":{"start":{"line":535,"column":6},"end":{"line":535,"column":null}},"160":{"start":{"line":539,"column":28},"end":{"line":547,"column":null}},"161":{"start":{"line":540,"column":4},"end":{"line":540,"column":null}},"162":{"start":{"line":540,"column":27},"end":{"line":540,"column":null}},"163":{"start":{"line":541,"column":4},"end":{"line":547,"column":null}},"164":{"start":{"line":542,"column":6},"end":{"line":542,"column":null}},"165":{"start":{"line":544,"column":24},"end":{"line":544,"column":62}},"166":{"start":{"line":545,"column":6},"end":{"line":545,"column":null}},"167":{"start":{"line":547,"column":6},"end":{"line":547,"column":null}},"168":{"start":{"line":551,"column":31},"end":{"line":558,"column":null}},"169":{"start":{"line":552,"column":4},"end":{"line":552,"column":null}},"170":{"start":{"line":552,"column":27},"end":{"line":552,"column":null}},"171":{"start":{"line":553,"column":4},"end":{"line":558,"column":null}},"172":{"start":{"line":554,"column":6},"end":{"line":554,"column":null}},"173":{"start":{"line":555,"column":24},"end":{"line":555,"column":62}},"174":{"start":{"line":556,"column":6},"end":{"line":556,"column":null}},"175":{"start":{"line":558,"column":6},"end":{"line":558,"column":null}},"176":{"start":{"line":562,"column":24},"end":{"line":577,"column":null}},"177":{"start":{"line":563,"column":4},"end":{"line":563,"column":null}},"178":{"start":{"line":563,"column":27},"end":{"line":563,"column":null}},"179":{"start":{"line":564,"column":4},"end":{"line":577,"column":null}},"180":{"start":{"line":565,"column":26},"end":{"line":565,"column":69}},"181":{"start":{"line":565,"column":56},"end":{"line":565,"column":69}},"182":{"start":{"line":566,"column":6},"end":{"line":566,"column":null}},"183":{"start":{"line":568,"column":6},"end":{"line":570,"column":null}},"184":{"start":{"line":569,"column":8},"end":{"line":569,"column":null}},"185":{"start":{"line":573,"column":6},"end":{"line":577,"column":null}},"186":{"start":{"line":574,"column":26},"end":{"line":574,"column":64}},"187":{"start":{"line":575,"column":8},"end":{"line":575,"column":null}},"188":{"start":{"line":577,"column":8},"end":{"line":577,"column":null}},"189":{"start":{"line":584,"column":2},"end":{"line":621,"column":null}}},"fnMap":{"0":{"name":"SkeletonItems","decl":{"start":{"line":19,"column":9},"end":{"line":19,"column":25}},"loc":{"start":{"line":19,"column":25},"end":{"line":25,"column":null}},"line":19},"1":{"name":"(anonymous_1)","decl":{"start":{"line":22,"column":33},"end":{"line":22,"column":38}},"loc":{"start":{"line":23,"column":8},"end":{"line":23,"column":null}},"line":23},"2":{"name":"PlaylistListView","decl":{"start":{"line":38,"column":9},"end":{"line":38,"column":26}},"loc":{"start":{"line":38,"column":92},"end":{"line":135,"column":null}},"line":38},"3":{"name":"(anonymous_3)","decl":{"start":{"line":43,"column":23},"end":{"line":43,"column":35}},"loc":{"start":{"line":43,"column":35},"end":{"line":58,"column":null}},"line":43},"4":{"name":"(anonymous_4)","decl":{"start":{"line":61,"column":8},"end":{"line":61,"column":25}},"loc":{"start":{"line":61,"column":52},"end":{"line":63,"column":null}},"line":61},"5":{"name":"(anonymous_5)","decl":{"start":{"line":76,"column":12},"end":{"line":76,"column":23}},"loc":{"start":{"line":76,"column":29},"end":{"line":78,"column":null}},"line":76},"6":{"name":"(anonymous_6)","decl":{"start":{"line":103,"column":21},"end":{"line":103,"column":26}},"loc":{"start":{"line":104,"column":12},"end":{"line":131,"column":null}},"line":104},"7":{"name":"(anonymous_7)","decl":{"start":{"line":118,"column":18},"end":{"line":118,"column":33}},"loc":{"start":{"line":118,"column":33},"end":{"line":118,"column":46}},"line":118},"8":{"name":"(anonymous_8)","decl":{"start":{"line":125,"column":18},"end":{"line":125,"column":33}},"loc":{"start":{"line":125,"column":33},"end":{"line":125,"column":48}},"line":125},"9":{"name":"PlaylistDetailView","decl":{"start":{"line":151,"column":9},"end":{"line":151,"column":28}},"loc":{"start":{"line":159,"column":28},"end":{"line":405,"column":null}},"line":159},"10":{"name":"(anonymous_10)","decl":{"start":{"line":168,"column":42},"end":{"line":168,"column":null}},"loc":{"start":{"line":169,"column":11},"end":{"line":169,"column":67}},"line":169},"11":{"name":"(anonymous_11)","decl":{"start":{"line":169,"column":31},"end":{"line":169,"column":37}},"loc":{"start":{"line":169,"column":44},"end":{"line":169,"column":67}},"line":169},"12":{"name":"(anonymous_12)","decl":{"start":{"line":172,"column":25},"end":{"line":172,"column":37}},"loc":{"start":{"line":172,"column":37},"end":{"line":183,"column":null}},"line":172},"13":{"name":"(anonymous_13)","decl":{"start":{"line":187,"column":8},"end":{"line":187,"column":33}},"loc":{"start":{"line":187,"column":33},"end":{"line":190,"column":null}},"line":187},"14":{"name":"(anonymous_14)","decl":{"start":{"line":193,"column":8},"end":{"line":193,"column":29}},"loc":{"start":{"line":193,"column":56},"end":{"line":197,"column":null}},"line":193},"15":{"name":"(anonymous_15)","decl":{"start":{"line":201,"column":28},"end":{"line":201,"column":40}},"loc":{"start":{"line":201,"column":40},"end":{"line":204,"column":null}},"line":201},"16":{"name":"(anonymous_16)","decl":{"start":{"line":209,"column":8},"end":{"line":209,"column":27}},"loc":{"start":{"line":209,"column":45},"end":{"line":210,"column":null}},"line":209},"17":{"name":"(anonymous_17)","decl":{"start":{"line":213,"column":8},"end":{"line":213,"column":26}},"loc":{"start":{"line":213,"column":64},"end":{"line":215,"column":null}},"line":213},"18":{"name":"(anonymous_18)","decl":{"start":{"line":218,"column":8},"end":{"line":218,"column":32}},"loc":{"start":{"line":218,"column":32},"end":{"line":219,"column":null}},"line":218},"19":{"name":"(anonymous_19)","decl":{"start":{"line":222,"column":21},"end":{"line":222,"column":28}},"loc":{"start":{"line":222,"column":52},"end":{"line":239,"column":null}},"line":222},"20":{"name":"(anonymous_20)","decl":{"start":{"line":234,"column":30},"end":{"line":234,"column":35}},"loc":{"start":{"line":234,"column":45},"end":{"line":234,"column":75}},"line":234},"21":{"name":"(anonymous_21)","decl":{"start":{"line":242,"column":8},"end":{"line":242,"column":30}},"loc":{"start":{"line":242,"column":30},"end":{"line":244,"column":null}},"line":242},"22":{"name":"(anonymous_22)","decl":{"start":{"line":268,"column":14},"end":{"line":268,"column":25}},"loc":{"start":{"line":268,"column":31},"end":{"line":270,"column":null}},"line":268},"23":{"name":"(anonymous_23)","decl":{"start":{"line":296,"column":14},"end":{"line":296,"column":29}},"loc":{"start":{"line":296,"column":29},"end":{"line":298,"column":null}},"line":296},"24":{"name":"(anonymous_24)","decl":{"start":{"line":324,"column":10},"end":{"line":324,"column":21}},"loc":{"start":{"line":324,"column":27},"end":{"line":324,"column":64}},"line":324},"25":{"name":"(anonymous_25)","decl":{"start":{"line":328,"column":30},"end":{"line":328,"column":35}},"loc":{"start":{"line":329,"column":12},"end":{"line":331,"column":null}},"line":329},"26":{"name":"(anonymous_26)","decl":{"start":{"line":355,"column":30},"end":{"line":355,"column":35}},"loc":{"start":{"line":356,"column":12},"end":{"line":401,"column":null}},"line":356},"27":{"name":"(anonymous_27)","decl":{"start":{"line":363,"column":14},"end":{"line":363,"column":33}},"loc":{"start":{"line":363,"column":33},"end":{"line":363,"column":55}},"line":363},"28":{"name":"(anonymous_28)","decl":{"start":{"line":364,"column":14},"end":{"line":364,"column":27}},"loc":{"start":{"line":364,"column":33},"end":{"line":364,"column":57}},"line":364},"29":{"name":"(anonymous_29)","decl":{"start":{"line":366,"column":14},"end":{"line":366,"column":28}},"loc":{"start":{"line":366,"column":28},"end":{"line":366,"column":45}},"line":366},"30":{"name":"(anonymous_30)","decl":{"start":{"line":391,"column":16},"end":{"line":391,"column":31}},"loc":{"start":{"line":391,"column":31},"end":{"line":391,"column":62}},"line":391},"31":{"name":"ConfirmDialog","decl":{"start":{"line":417,"column":9},"end":{"line":417,"column":23}},"loc":{"start":{"line":417,"column":77},"end":{"line":431,"column":null}},"line":417},"32":{"name":"PlaylistManager","decl":{"start":{"line":437,"column":24},"end":{"line":437,"column":42}},"loc":{"start":{"line":437,"column":42},"end":{"line":621,"column":null}},"line":437},"33":{"name":"(anonymous_33)","decl":{"start":{"line":447,"column":37},"end":{"line":447,"column":49}},"loc":{"start":{"line":447,"column":49},"end":{"line":458,"column":7}},"line":447},"34":{"name":"(anonymous_34)","decl":{"start":{"line":460,"column":2},"end":{"line":460,"column":18}},"loc":{"start":{"line":460,"column":18},"end":{"line":462,"column":6}},"line":460},"35":{"name":"(anonymous_35)","decl":{"start":{"line":466,"column":23},"end":{"line":466,"column":30}},"loc":{"start":{"line":466,"column":71},"end":{"line":476,"column":null}},"line":466},"36":{"name":"(anonymous_36)","decl":{"start":{"line":469,"column":6},"end":{"line":469,"column":20}},"loc":{"start":{"line":469,"column":29},"end":{"line":469,"column":47}},"line":469},"37":{"name":"(anonymous_37)","decl":{"start":{"line":480,"column":8},"end":{"line":480,"column":31}},"loc":{"start":{"line":480,"column":46},"end":{"line":481,"column":null}},"line":480},"38":{"name":"(anonymous_38)","decl":{"start":{"line":484,"column":30},"end":{"line":484,"column":42}},"loc":{"start":{"line":484,"column":42},"end":{"line":492,"column":null}},"line":484},"39":{"name":"(anonymous_39)","decl":{"start":{"line":490,"column":6},"end":{"line":490,"column":20}},"loc":{"start":{"line":490,"column":29},"end":{"line":490,"column":60}},"line":490},"40":{"name":"(anonymous_40)","decl":{"start":{"line":490,"column":34},"end":{"line":490,"column":42}},"loc":{"start":{"line":490,"column":48},"end":{"line":490,"column":60}},"line":490},"41":{"name":"(anonymous_41)","decl":{"start":{"line":496,"column":8},"end":{"line":496,"column":35}},"loc":{"start":{"line":496,"column":35},"end":{"line":497,"column":null}},"line":496},"42":{"name":"(anonymous_42)","decl":{"start":{"line":500,"column":21},"end":{"line":500,"column":28}},"loc":{"start":{"line":500,"column":43},"end":{"line":510,"column":null}},"line":500},"43":{"name":"(anonymous_43)","decl":{"start":{"line":516,"column":8},"end":{"line":516,"column":27}},"loc":{"start":{"line":516,"column":27},"end":{"line":519,"column":null}},"line":516},"44":{"name":"(anonymous_44)","decl":{"start":{"line":522,"column":27},"end":{"line":522,"column":34}},"loc":{"start":{"line":522,"column":75},"end":{"line":535,"column":null}},"line":522},"45":{"name":"(anonymous_45)","decl":{"start":{"line":526,"column":6},"end":{"line":526,"column":27}},"loc":{"start":{"line":527,"column":8},"end":{"line":527,"column":null}},"line":527},"46":{"name":"(anonymous_46)","decl":{"start":{"line":539,"column":28},"end":{"line":539,"column":35}},"loc":{"start":{"line":539,"column":58},"end":{"line":547,"column":null}},"line":539},"47":{"name":"(anonymous_47)","decl":{"start":{"line":551,"column":31},"end":{"line":551,"column":38}},"loc":{"start":{"line":551,"column":61},"end":{"line":558,"column":null}},"line":551},"48":{"name":"(anonymous_48)","decl":{"start":{"line":562,"column":24},"end":{"line":562,"column":31}},"loc":{"start":{"line":562,"column":74},"end":{"line":577,"column":null}},"line":562},"49":{"name":"(anonymous_49)","decl":{"start":{"line":565,"column":45},"end":{"line":565,"column":50}},"loc":{"start":{"line":565,"column":56},"end":{"line":565,"column":69}},"line":565},"50":{"name":"(anonymous_50)","decl":{"start":{"line":568,"column":6},"end":{"line":568,"column":27}},"loc":{"start":{"line":569,"column":8},"end":{"line":569,"column":null}},"line":569}},"branchMap":{"0":{"loc":{"start":{"line":45,"column":4},"end":{"line":47,"column":null}},"type":"if","locations":[{"start":{"line":45,"column":4},"end":{"line":47,"column":null}},{"start":{},"end":{}}],"line":45},"1":{"loc":{"start":{"line":53,"column":4},"end":{"line":56,"column":null}},"type":"if","locations":[{"start":{"line":53,"column":4},"end":{"line":56,"column":null}},{"start":{"line":55,"column":11},"end":{"line":56,"column":null}}],"line":53},"2":{"loc":{"start":{"line":62,"column":4},"end":{"line":63,"column":null}},"type":"if","locations":[{"start":{"line":62,"column":4},"end":{"line":63,"column":null}},{"start":{},"end":{}}],"line":62},"3":{"loc":{"start":{"line":72,"column":49},"end":{"line":72,"column":null}},"type":"cond-expr","locations":[{"start":{"line":72,"column":67},"end":{"line":72,"column":103}},{"start":{"line":72,"column":103},"end":{"line":72,"column":null}}],"line":72},"4":{"loc":{"start":{"line":78,"column":14},"end":{"line":78,"column":null}},"type":"if","locations":[{"start":{"line":78,"column":14},"end":{"line":78,"column":null}},{"start":{},"end":{}}],"line":78},"5":{"loc":{"start":{"line":83,"column":11},"end":{"line":86,"column":null}},"type":"binary-expr","locations":[{"start":{"line":83,"column":11},"end":{"line":83,"column":null}},{"start":{"line":84,"column":12},"end":{"line":86,"column":null}}],"line":83},"6":{"loc":{"start":{"line":95,"column":11},"end":{"line":95,"column":null}},"type":"cond-expr","locations":[{"start":{"line":95,"column":22},"end":{"line":95,"column":36}},{"start":{"line":95,"column":36},"end":{"line":95,"column":null}}],"line":95},"7":{"loc":{"start":{"line":99,"column":7},"end":{"line":135,"column":null}},"type":"cond-expr","locations":[{"start":{"line":100,"column":8},"end":{"line":102,"column":9}},{"start":{"line":102,"column":8},"end":{"line":135,"column":null}}],"line":99},"8":{"loc":{"start":{"line":112,"column":41},"end":{"line":112,"column":null}},"type":"cond-expr","locations":[{"start":{"line":112,"column":69},"end":{"line":112,"column":82}},{"start":{"line":112,"column":82},"end":{"line":112,"column":null}}],"line":112},"9":{"loc":{"start":{"line":174,"column":4},"end":{"line":176,"column":null}},"type":"if","locations":[{"start":{"line":174,"column":4},"end":{"line":176,"column":null}},{"start":{},"end":{}}],"line":174},"10":{"loc":{"start":{"line":180,"column":4},"end":{"line":183,"column":null}},"type":"if","locations":[{"start":{"line":180,"column":4},"end":{"line":183,"column":null}},{"start":{"line":182,"column":11},"end":{"line":183,"column":null}}],"line":180},"11":{"loc":{"start":{"line":194,"column":4},"end":{"line":197,"column":null}},"type":"if","locations":[{"start":{"line":194,"column":4},"end":{"line":197,"column":null}},{"sta
[...]
"locations":[{"start":{"line":97,"column":6},"end":{"line":97,"column":15}},{"start":{"line":97,"column":15},"end":{"line":97,"column":26}}],"line":97},"9":{"loc":{"start":{"line":106,"column":14},"end":{"line":106,"column":null}},"type":"binary-expr","locations":[{"start":{"line":106,"column":14},"end":{"line":106,"column":23}},{"start":{"line":106,"column":23},"end":{"line":106,"column":null}}],"line":106},"10":{"loc":{"start":{"line":112,"column":28},"end":{"line":114,"column":null}},"type":"cond-expr","locations":[{"start":{"line":113,"column":6},"end":{"line":113,"column":null}},{"start":{"line":114,"column":6},"end":{"line":114,"column":null}}],"line":112},"11":{"loc":{"start":{"line":113,"column":64},"end":{"line":113,"column":null}},"type":"cond-expr","locations":[{"start":{"line":113,"column":80},"end":{"line":113,"column":126}},{"start":{"line":113,"column":126},"end":{"line":113,"column":null}}],"line":113},"12":{"loc":{"start":{"line":116,"column":32},"end":{"line":118,"column":null}},"type":"cond-expr","locations":[{"start":{"line":117,"column":6},"end":{"line":117,"column":null}},{"start":{"line":118,"column":6},"end":{"line":118,"column":null}}],"line":116},"13":{"loc":{"start":{"line":117,"column":68},"end":{"line":117,"column":null}},"type":"cond-expr","locations":[{"start":{"line":117,"column":84},"end":{"line":117,"column":145}},{"start":{"line":117,"column":145},"end":{"line":117,"column":null}}],"line":117},"14":{"loc":{"start":{"line":122,"column":8},"end":{"line":122,"column":104}},"type":"cond-expr","locations":[{"start":{"line":122,"column":32},"end":{"line":122,"column":99}},{"start":{"line":122,"column":102},"end":{"line":122,"column":104}}],"line":122},"15":{"loc":{"start":{"line":129,"column":4},"end":{"line":131,"column":null}},"type":"if","locations":[{"start":{"line":129,"column":4},"end":{"line":131,"column":null}},{"start":{},"end":{}}],"line":129},"16":{"loc":{"start":{"line":150,"column":55},"end":{"line":150,"column":null}},"type":"cond-expr","locations":[{"start":{"line":150,"column":80},"end":{"line":150,"column":123}},{"start":{"line":150,"column":123},"end":{"line":150,"column":null}}],"line":150},"17":{"loc":{"start":{"line":162,"column":13},"end":{"line":163,"column":null}},"type":"binary-expr","locations":[{"start":{"line":162,"column":13},"end":{"line":162,"column":null}},{"start":{"line":163,"column":14},"end":{"line":163,"column":null}}],"line":162},"18":{"loc":{"start":{"line":165,"column":13},"end":{"line":173,"column":null}},"type":"binary-expr","locations":[{"start":{"line":165,"column":13},"end":{"line":165,"column":null}},{"start":{"line":166,"column":14},"end":{"line":173,"column":null}}],"line":165},"19":{"loc":{"start":{"line":169,"column":28},"end":{"line":169,"column":null}},"type":"cond-expr","locations":[{"start":{"line":169,"column":44},"end":{"line":169,"column":59}},{"start":{"line":169,"column":59},"end":{"line":169,"column":null}}],"line":169},"20":{"loc":{"start":{"line":170,"column":23},"end":{"line":170,"column":null}},"type":"cond-expr","locations":[{"start":{"line":170,"column":39},"end":{"line":170,"column":54}},{"start":{"line":170,"column":54},"end":{"line":170,"column":null}}],"line":170},"21":{"loc":{"start":{"line":172,"column":17},"end":{"line":172,"column":null}},"type":"cond-expr","locations":[{"start":{"line":172,"column":33},"end":{"line":172,"column":45}},{"start":{"line":172,"column":45},"end":{"line":172,"column":null}}],"line":172},"22":{"loc":{"start":{"line":179,"column":9},"end":{"line":187,"column":null}},"type":"binary-expr","locations":[{"start":{"line":179,"column":9},"end":{"line":179,"column":null}},{"start":{"line":180,"column":10},"end":{"line":187,"column":null}}],"line":179}},"s":{"0":78,"1":78,"2":78,"3":78,"4":78,"5":78,"6":78,"7":37,"8":37,"9":37,"10":37,"11":37,"12":148,"13":148,"14":60,"15":37,"16":37,"17":37,"18":37,"19":37,"20":78,"21":20,"22":20,"23":0,"24":0,"25":0,"26":20,"27":20,"28":20,"29":20,"30":17,"31":17,"32":2,"33":2,"34":19,"35":19,"36":20,"37":20,"38":20,"39":78,"40":40,"41":37,"42":2,"43":35,"44":78,"45":78,"46":1,"47":1,"48":1,"49":1,"50":78,"51":132,"52":1,"53":1,"54":1},"f":{"0":78,"1":37,"2":37,"3":37,"4":20,"5":20,"6":20,"7":1,"8":132,"9":1,"10":1,"11":1},"b":{"0":[60,88],"1":[148,68],"2":[0,20],"3":[17,0],"4":[2,0],"5":[19,0],"6":[40,38],"7":[2,35],"8":[37,35],"9":[2,0],"10":[27,8],"11":[1,26],"12":[27,8],"13":[1,26],"14":[27,8],"15":[1,0],"16":[35,97],"17":[78,27],"18":[78,27],"19":[1,26],"20":[1,26],"21":[1,26],"22":[78,27]},"meta":{"lastBranch":23,"lastFunction":12,"lastStatement":55,"seen":{"f:11:24:11:41":0,"s:12:10:12:44":0,"s:13:19:13:65":1,"s:14:18:14:46":2,"s:15:16:15:57":3,"s:16:24:16:59":4,"s:17:24:17:69":5,"s:20:2:41:Infinity":6,"f:20:2:20:18":1,"s:21:23:21:Infinity":7,"s:23:10:34:Infinity":8,"f:23:10:23:31":2,"s:24:24:24:Infinity":9,"s:25:20:25:Infinity":10,"s:27:6:30:Infinity":11,"s:28:19:28:46":12,"b:29:8:30:Infinity:undefined:undefined:undefined:undefined":0,"s:29:8:30:Infinity":13,"b:29:12:29:18:29:18:29:45":1,"s:30:10:30:Infinity":14,"s:34:6:34:Infinity":15,"s:37:4:37:Infinity":16,"s:38:4:38:Infinity":17,"s:40:4:40:Infinity":18,"f:40:4:40:17":3,"s:40:17:40:67":19,"s:43:2:76:Infinity":20,"f:43:2:43:18":4,"s:44:20:44:Infinity":21,"f:46:19:46:35":5,"b:47:6:50:Infinity:undefined:undefined:undefined:undefined":2,"s:47:6:50:Infinity":22,"s:48:8:48:Infinity":23,"s:49:8:49:Infinity":24,"s:50:8:50:Infinity":25,"s:53:6:66:Infinity":26,"s:54:8:54:Infinity":27,"s:55:8:55:Infinity":28,"s:56:21:56:42":29,"b:57:8:58:Infinity:undefined:undefined:undefined:undefined":3,"s:57:8:58:Infinity":30,"s:58:10:58:Infinity":31,"b:61:8:62:Infinity:undefined:undefined:undefined:undefined":4,"s:61:8:62:Infinity":32,"s:62:10:62:Infinity":33,"b:65:8:66:Infinity:undefined:undefined:undefined:undefined":5,"s:65:8:66:Infinity":34,"s:66:10:66:Infinity":35,"s:71:4:71:Infinity":36,"s:73:4:74:Infinity":37,"f:73:4:73:17":6,"s:74:6:74:Infinity":38,"b:78:2:92:Infinity:undefined:undefined:undefined:undefined":6,"s:78:2:92:Infinity":39,"s:79:4:92:Infinity":40,"b:97:2:106:Infinity:undefined:undefined:undefined:undefined":7,"s:97:2:106:Infinity":41,"b:97:6:97:15:97:15:97:26":8,"s:98:4:106:Infinity":42,"b:106:14:106:23:106:23:106:Infinity":9,"s:112:28:114:Infinity":43,"b:113:6:113:Infinity:114:6:114:Infinity":10,"b:113:80:113:126:113:126:113:Infinity":11,"s:116:32:118:Infinity":44,"b:117:6:117:Infinity:118:6:118:Infinity":12,"b:117:84:117:145:117:145:117:Infinity":13,"s:120:19:125:Infinity":45,"b:122:32:122:99:122:102:122:104":14,"f:127:11:127:27":7,"s:128:15:128:49":46,"b:129:4:131:Infinity:undefined:undefined:undefined:undefined":15,"s:129:4:131:Infinity":47,"s:130:21:130:Infinity":48,"s:131:6:131:Infinity":49,"s:135:2:197:Infinity":50,"f:147:18:147:23":8,"s:148:10:154:Infinity":51,"b:150:80:150:123:150:123:150:Infinity":16,"f:151:12:151:27":9,"s:151:27:151:48":52,"b:162:13:162:Infinity:163:14:163:Infinity":17,"b:165:13:165:Infinity:166:14:173:Infinity":18,"f:168:16:168:31":10,"s:168:31:168:64":53,"f:168:31:168:49":11,"s:168:58:168:64":54,"b:169:44:169:59:169:59:169:Infinity":19,"b:170:39:170:54:170:54:170:Infinity":20,"b:172:33:172:45:172:45:172:Infinity":21,"b:179:9:179:Infinity:180:10:187:Infinity":22}}}
,"/Users/pdelebarre/dev/guitar-tutoma-ai/frontend/src/services/api.ts": {"path":"/Users/pdelebarre/dev/guitar-tutoma-ai/frontend/src/services/api.ts","statementMap":{"0":{"start":{"line":17,"column":4},"end":{"line":17,"column":null}},"1":{"start":{"line":13,"column":11},"end":{"line":13,"column":null}},"2":{"start":{"line":14,"column":11},"end":{"line":14,"column":null}},"3":{"start":{"line":15,"column":11},"end":{"line":15,"column":null}},"4":{"start":{"line":18,"column":4},"end":{"line":18,"column":null}},"5":{"start":{"line":24,"column":4},"end":{"line":24,"column":null}},"6":{"start":{"line":25,"column":4},"end":{"line":25,"column":null}},"7":{"start":{"line":31,"column":4},"end":{"line":31,"column":null}},"8":{"start":{"line":32,"column":4},"end":{"line":32,"column":null}},"9":{"start":{"line":38,"column":4},"end":{"line":38,"column":null}},"10":{"start":{"line":39,"column":4},"end":{"line":39,"column":null}},"11":{"start":{"line":46,"column":19},"end":{"line":52,"column":4}},"12":{"start":{"line":54,"column":2},"end":{"line":71,"column":null}},"13":{"start":{"line":56,"column":4},"end":{"line":59,"column":null}},"14":{"start":{"line":57,"column":6},"end":{"line":57,"column":null}},"15":{"start":{"line":59,"column":6},"end":{"line":59,"column":null}},"16":{"start":{"line":62,"column":4},"end":{"line":63,"column":null}},"17":{"start":{"line":63,"column":6},"end":{"line":63,"column":null}},"18":{"start":{"line":65,"column":4},"end":{"line":66,"column":null}},"19":{"start":{"line":66,"column":6},"end":{"line":66,"column":null}},"20":{"start":{"line":68,"column":4},"end":{"line":69,"column":null}},"21":{"start":{"line":69,"column":6},"end":{"line":69,"column":null}},"22":{"start":{"line":71,"column":4},"end":{"line":71,"column":null}},"23":{"start":{"line":75,"column":2},"end":{"line":76,"column":null}},"24":{"start":{"line":76,"column":4},"end":{"line":76,"column":null}},"25":{"start":{"line":79,"column":2},"end":{"line":79,"column":null}},"26":{"start":{"line":85,"column":2},"end":{"line":85,"column":null}},"27":{"start":{"line":89,"column":2},"end":{"line":89,"column":null}},"28":{"start":{"line":93,"column":2},"end":{"line":93,"column":null}},"29":{"start":{"line":97,"column":2},"end":{"line":97,"column":null}},"30":{"start":{"line":101,"column":2},"end":{"line":101,"column":null}},"31":{"start":{"line":107,"column":2},"end":{"line":109,"column":null}},"32":{"start":{"line":116,"column":2},"end":{"line":122,"column":null}},"33":{"start":{"line":130,"column":2},"end":{"line":136,"column":null}},"34":{"start":{"line":143,"column":2},"end":{"line":148,"column":null}},"35":{"start":{"line":156,"column":2},"end":{"line":158,"column":null}},"36":{"start":{"line":165,"column":2},"end":{"line":171,"column":null}},"37":{"start":{"line":179,"column":2},"end":{"line":185,"column":null}},"38":{"start":{"line":192,"column":2},"end":{"line":197,"column":null}},"39":{"start":{"line":205,"column":2},"end":{"line":207,"column":null}},"40":{"start":{"line":214,"column":2},"end":{"line":220,"column":null}},"41":{"start":{"line":226,"column":2},"end":{"line":226,"column":null}},"42":{"start":{"line":230,"column":2},"end":{"line":233,"column":null}},"43":{"start":{"line":237,"column":2},"end":{"line":237,"column":null}},"44":{"start":{"line":244,"column":2},"end":{"line":247,"column":null}},"45":{"start":{"line":251,"column":2},"end":{"line":253,"column":null}},"46":{"start":{"line":260,"column":2},"end":{"line":263,"column":null}},"47":{"start":{"line":270,"column":2},"end":{"line":273,"column":null}},"48":{"start":{"line":280,"column":2},"end":{"line":285,"column":null}}},"fnMap":{"0":{"name":"(anonymous_0)","decl":{"start":{"line":12,"column":2},"end":{"line":12,"column":null}},"loc":{"start":{"line":16,"column":4},"end":{"line":18,"column":null}},"line":16},"1":{"name":"(anonymous_1)","decl":{"start":{"line":23,"column":2},"end":{"line":23,"column":14}},"loc":{"start":{"line":23,"column":29},"end":{"line":25,"column":null}},"line":23},"2":{"name":"(anonymous_2)","decl":{"start":{"line":30,"column":2},"end":{"line":30,"column":14}},"loc":{"start":{"line":30,"column":29},"end":{"line":32,"column":null}},"line":30},"3":{"name":"(anonymous_3)","decl":{"start":{"line":37,"column":2},"end":{"line":37,"column":14}},"loc":{"start":{"line":37,"column":45},"end":{"line":39,"column":null}},"line":37},"4":{"name":"request","decl":{"start":{"line":45,"column":15},"end":{"line":45,"column":26}},"loc":{"start":{"line":45,"column":74},"end":{"line":79,"column":null}},"line":45},"5":{"name":"listTutorials","decl":{"start":{"line":84,"column":22},"end":{"line":84,"column":59}},"loc":{"start":{"line":84,"column":59},"end":{"line":85,"column":null}},"line":84},"6":{"name":"getTutorial","decl":{"start":{"line":88,"column":22},"end":{"line":88,"column":34}},"loc":{"start":{"line":88,"column":65},"end":{"line":89,"column":null}},"line":88},"7":{"name":"getVideoUrl","decl":{"start":{"line":92,"column":16},"end":{"line":92,"column":28}},"loc":{"start":{"line":92,"column":56},"end":{"line":93,"column":null}},"line":92},"8":{"name":"getSubtitleUrl","decl":{"start":{"line":96,"column":16},"end":{"line":96,"column":31}},"loc":{"start":{"line":96,"column":59},"end":{"line":97,"column":null}},"line":96},"9":{"name":"getTablatureUrl","decl":{"start":{"line":100,"column":16},"end":{"line":100,"column":32}},"loc":{"start":{"line":100,"column":60},"end":{"line":101,"column":null}},"line":100},"10":{"name":"getComments","decl":{"start":{"line":106,"column":22},"end":{"line":106,"column":34}},"loc":{"start":{"line":106,"column":74},"end":{"line":109,"column":null}},"line":106},"11":{"name":"createComment","decl":{"start":{"line":112,"column":22},"end":{"line":112,"column":null}},"loc":{"start":{"line":115,"column":20},"end":{"line":122,"column":null}},"line":115},"12":{"name":"updateComment","decl":{"start":{"line":125,"column":22},"end":{"line":125,"column":null}},"loc":{"start":{"line":129,"column":20},"end":{"line":136,"column":null}},"line":129},"13":{"name":"deleteComment","decl":{"start":{"line":139,"column":22},"end":{"line":139,"column":null}},"loc":{"start":{"line":142,"column":17},"end":{"line":148,"column":null}},"line":142},"14":{"name":"getAnnotations","decl":{"start":{"line":153,"column":22},"end":{"line":153,"column":null}},"loc":{"start":{"line":155,"column":25},"end":{"line":158,"column":null}},"line":155},"15":{"name":"createAnnotation","decl":{"start":{"line":161,"column":22},"end":{"line":161,"column":null}},"loc":{"start":{"line":164,"column":23},"end":{"line":171,"column":null}},"line":164},"16":{"name":"updateAnnotation","decl":{"start":{"line":174,"column":22},"end":{"line":174,"column":null}},"loc":{"start":{"line":178,"column":23},"end":{"line":185,"column":null}},"line":178},"17":{"name":"deleteAnnotation","decl":{"start":{"line":188,"column":22},"end":{"line":188,"column":null}},"loc":{"start":{"line":191,"column":17},"end":{"line":197,"column":null}},"line":191},"18":{"name":"getPreferences","decl":{"start":{"line":202,"column":22},"end":{"line":202,"column":null}},"loc":{"start":{"line":204,"column":23},"end":{"line":207,"column":null}},"line":204},"19":{"name":"updatePreferences","decl":{"start":{"line":210,"column":22},"end":{"line":210,"column":null}},"loc":{"start":{"line":213,"column":23},"end":{"line":220,"column":null}},"line":213},"20":{"name":"getPlaylists","decl":{"start":{"line":225,"column":22},"end":{"line":225,"column":58}},"loc":{"start":{"line":225,"column":58},"end":{"line":226,"column":null}},"line":225},"21":{"name":"createPlaylist","decl":{"start":{"line":229,"column":22},"end":{"line":229,"column":37}},"loc":{"start":{"line":229,"column":70},"end":{"line":233,"column":null}},"line":229},"22":{"name":"getPlaylist","decl":{"start":{"line":236,"column":22},"end":{"line":236,"column":34}},"loc":{"start":{"line":236,"column":65},"end":{"line":237,"column":null}},"line":236},"23":{"name":"updatePlaylistName","decl":{"start":{"line":240,"column":22},"end":{"line":240,"column":null}},"loc":{"start":{"line":243,"column":21},"end":{"line":247,"column":null}},"line":243},"24":{"name":"deletePlaylist","decl":{"start":{"line":250,"column":22},"end":{"line":250,"column":37}},"loc":{"start":{"line":250,"column":64},"end":{"line":253,"column":null}},"line":250},"25":{"name":"addTutorialToPlaylist","decl":{"start":{"line":256,"column":22},"end":{"line":256,"column":null}},"loc":{"start":{"line":259,"column":17},"end":{"line":263,"column":null}},"line":259},"26":{"name":"reorderPlaylistTutorials","decl":{"start":{"line":266,"column":22},"end":{"line":266,"column":null}},"loc":{"start":{"line":269,"column":17},"end":{"line":273,"column":null}},"line":269},"27":{"name":"removeTutorialFromPlaylist","decl":{"start":{"line":276,"column":22},"end":{"line":276,"column":null}},"loc":{"start":{"line":279,"column":17},"end":{"line":285,"column":null}},"line":279}},"branchMap":{"0":{"loc":{"start":{"line":54,"column":2},"end":{"line":71,"column":null}},"type":"if","locations":[{"start":{"line":54,"column":2},"end":{"line":71,"column":null}},{"start":{},"end":{}}],"line":54},"1":{"loc":{"start":{"line":62,"column":4},"end":{"line":63,"column":null}},"type":"if","locations":[{"start":{"line":62,"column":4},"end":{"line":63,"column":null}},{"start":{},"end":{}}],"line":62},"2":{"loc":{"start":{"line":65,"column":4},"end":{"line":66,"column":null}},"type":"if","locations":[{"start":{"line":65,"column":4},"end":{"line":66,"column":null}},{"start":{},"end":{}}],"line":65},"3":{"loc":{"start":{"line":68,"column":4},"end":{"line":69,"column":null}},"type":"if","locations":[{"start":{"line":68,"column":4},"end":{"line":69,"column":null}},{"start":{},"end":{}}],"line":68},"4":{"loc":{"start":{"line":75,"column":2},"end":{"line":76,"column":null}},"type":"if","locations":[{"start":{"line":75,"column":2},"end":{"line":76,"column":null}},{"start":{},"end":{}}],"line":75}},"s":{"0":15,"1":15,"2":15,"3":15,"4":15,"5":3,"6":3,"7":3,"8":3,"9":3,"10":3,"11":44,"12":34,"13":11,"14":11,"15":1,"16":11,"17":2,"18":9,"19":2,"20":7,"21":2,"22":5,"23":23,"24":8,"25":15,"26":16,"27":3,"28":8,"29":2,"30":1,"31":1,"32":2,"33":1,"34":1,"35":1,"36":1,"37":1,"38":1,"39":1,"40":1,"41":3,"42":2,"43":2,"44":1,"45":2,"46":1,"47":1,"48":2},"f":{"0":15,"1":3,"2":3,"3":3,"4":44,"5":16,"6":3,"7":8,"8":2,"9":1,"10":1,"11":2,"12":1,"13":1,"14":1,"15":1,"16":1,"17":1,"18":1,"19":1,"20":3,"21":2,"22":2,"23":1,"24":2,"25":1,"26":1,"27":2},"b":{"0":[11,23],"1":[2,9],"2":[2,7],"3":[2,5],"4":[8,15]},"meta":{"lastBranch":5,"lastFunction":28,"lastStatement":49,"seen":{"f:12:2:12:Infinity":0,"s:17:4:17:Infinity":0,"s:13:11:13:Infinity":1,"s:14:11:14:Infinity":2,"s:15:11:15:Infinity":3,"s:18:4:18:Infinity":4,"f:23:2:23:14":1,"s:24:4:24:Infinity":5,"s:25:4:25:Infinity":6,"f:30:2:30:14":2,"s:31:4:31:Infinity":7,"s:32:4:32:Infinity":8,"f:37:2:37:14":3,"s:38:4:38:Infinity":9,"s:39:4:39:Infinity":10,"f:45:15:45:26":4,"s:46:19:52:4":11,"b:54:2:71:Infinity:undefined:undefined:undefined:undefined":0,"s:54:2:71:Infinity":12,"s:56:4:59:Infinity":13,"s:57:6:57:Infinity":14,"s:59:6:59:Infinity":15,"b:62:4:63:Infinity:undefined:undefined:undefined:undefined":1,"s:62:4:63:Infinity":16,"s:63:6:63:Infinity":17,"b:65:4:66:Infinity:undefined:undefined:undefined:undefined":2,"s:65:4:66:Infinity":18,"s:66:6:66:Infinity":19,"b:68:4:69:Infinity:undefined:undefined:undefined:undefined":3,"s:68:4:69:Infinity":20,"s:69:6:69:Infinity":21,"s:71:4:71:Infinity":22,"b:75:2:76:Infinity:undefined:undefined:undefined:undefined":4,"s:75:2:76:Infinity":23,"s:76:4:76:Infinity":24,"s:79:2:79:Infinity":25,"f:84:22:84:59":5,"s:85:2:85:Infinity":26,"f:88:22:88:34":6,"s:89:2:89:Infinity":27,"f:92:16:92:28":7,"s:93:2:93:Infinity":28,"f:96:16:96:31":8,"s:97:2:97:Infinity":29,"f:100:16:100:32":9,"s:101:2:101:Infinity":30,"f:106:22:106:34":10,"s:107:2:109:Infinity":31,"f:112:22:112:Infinity":11,"s:116:2:122:Infinity":32,"f:125:22:125:Infinity":12,"s:130:2:136:Infinity":33,"f:139:22:139:Infinity":13,"s:143:2:148:Infinity":34,"f:153:22:153:Infinity":14,"s:156:2:158:Infinity":35,"f:161:22:161:Infinity":15,"s:165:2:171:Infinity":36,"f:174:22:174:Infinity":16,"s:179:2:185:Infinity":37,"f:188:22:188:Infinity":17,"s:192:2:197:Infinity":38,"f:202:22:202:Infinity":18,"s:205:2:207:Infinity":39,"f:210:22:210:Infinity":19,"s:214:2:220:Infinity":40,"f:225:22:225:58":20,"s:226:2:226:Infinity":41,"f:229:22:229:37":21,"s:230:2:233:Infinity":42,"f:236:22:236:34":22,"s:237:2:237:Infinity":43,"f:240:22:240:Infinity":23,"s:244:2:247:Infinity":44,"f:250:22:250:37":24,"s:251:2:253:Infinity":45,"f:256:22:256:Infinity":25,"s:260:2:263:Infinity":46,"f:266:22:266:Infinity":26,"s:270:2:273:Infinity":47,"f:276:22:276:Infinity":27,"s:280:2:285:Infinity":48}}}
}
